# JRE version: Java(TM) SE Runtime Environment (8.0_77-b03) (build 1.8.0_77-b03)
# Java VM: Java HotSpot(TM) 64-Bit Server VM (25.77-b03 mixed mode linux-amd64 compressed oops)
Heap:
 PSYoungGen      total 276480K, used 24073K [0x00000000eab00000, 0x0000000100000000, 0x0000000100000000)
  eden space 198656K, 0% used [0x00000000eab00000,0x00000000eab00000,0x00000000f6d00000)
  from space 77824K, 30% used [0x00000000fb400000,0x00000000fcb82718,0x0000000100000000)
  to   space 72704K, 0% used [0x00000000f6d00000,0x00000000f6d00000,0x00000000fb400000)
 ParOldGen       total 699392K, used 63606K [0x00000000c0000000, 0x00000000eab00000, 0x00000000eab00000)
  object space 699392K, 9% used [0x00000000c0000000,0x00000000c3e1d800,0x00000000eab00000)
 Metaspace       used 164488K, capacity 165612K, committed 166272K, reserved 1189888K
  class space    used 26087K, capacity 26415K, committed 26496K, reserved 1048576K
GC Heap History (10 events):
Event: 4376,709 GC heap after
Heap after GC invocations=60 (full 21):
 PSYoungGen      total 271872K, used 0K [0x00000000eab00000, 0x0000000100000000, 0x0000000100000000)
  eden space 198144K, 0% used [0x00000000eab00000,0x00000000eab00000,0x00000000f6c80000)
  from space 73728K, 0% used [0x00000000f6c80000,0x00000000f6c80000,0x00000000fb480000)
  to   space 69632K, 0% used [0x00000000fbc00000,0x00000000fbc00000,0x0000000100000000)
 ParOldGen       total 699392K, used 70145K [0x00000000c0000000, 0x00000000eab00000, 0x00000000eab00000)
  object space 699392K, 10% used [0x00000000c0000000,0x00000000c4480678,0x00000000eab00000)
 Metaspace       used 130552K, capacity 131517K, committed 139136K, reserved 1165312K
  class space    used 20947K, capacity 21241K, committed 22656K, reserved 1048576K
}
Event: 4376,722 GC heap before
{Heap before GC invocations=61 (full 21):
 PSYoungGen      total 271872K, used 908K [0x00000000eab00000, 0x0000000100000000, 0x0000000100000000)
  eden space 198144K, 0% used [0x00000000eab00000,0x00000000eabe33c0,0x00000000f6c80000)
  from space 73728K, 0% used [0x00000000f6c80000,0x00000000f6c80000,0x00000000fb480000)
  to   space 69632K, 0% used [0x00000000fbc00000,0x00000000fbc00000,0x0000000100000000)
 ParOldGen       total 699392K, used 70145K [0x00000000c0000000, 0x00000000eab00000, 0x00000000eab00000)
  object space 699392K, 10% used [0x00000000c0000000,0x00000000c4480678,0x00000000eab00000)
 Metaspace       used 130552K, capacity 131517K, committed 139136K, reserved 1165312K
  class space    used 20947K, capacity 21241K, committed 22656K, reserved 1048576K
Event: 4376,727 GC heap after
Heap after GC invocations=61 (full 21):
 PSYoungGen      total 280576K, used 64K [0x00000000eab00000, 0x0000000100000000, 0x0000000100000000)
  eden space 210944K, 0% used [0x00000000eab00000,0x00000000eab00000,0x00000000f7900000)
  from space 69632K, 0% used [0x00000000fbc00000,0x00000000fbc10000,0x0000000100000000)
  to   space 68608K, 0% used [0x00000000f7900000,0x00000000f7900000,0x00000000fbc00000)
 ParOldGen       total 699392K, used 70145K [0x00000000c0000000, 0x00000000eab00000, 0x00000000eab00000)
  object space 699392K, 10% used [0x00000000c0000000,0x00000000c4480678,0x00000000eab00000)
 Metaspace       used 130552K, capacity 131517K, committed 139136K, reserved 1165312K
  class space    used 20947K, capacity 21241K, committed 22656K, reserved 1048576K
}
Event: 4376,728 GC heap before
{Heap before GC invocations=62 (full 22):
 PSYoungGen      total 280576K, used 64K [0x00000000eab00000, 0x0000000100000000, 0x0000000100000000)
  eden space 210944K, 0% used [0x00000000eab00000,0x00000000eab00000,0x00000000f7900000)
  from space 69632K, 0% used [0x00000000fbc00000,0x00000000fbc10000,0x0000000100000000)
  to   space 68608K, 0% used [0x00000000f7900000,0x00000000f7900000,0x00000000fbc00000)
 ParOldGen       total 699392K, used 70145K [0x00000000c0000000, 0x00000000eab00000, 0x00000000eab00000)
  object space 699392K, 10% used [0x00000000c0000000,0x00000000c4480678,0x00000000eab00000)
 Metaspace       used 130552K, capacity 131517K, committed 139136K, reserved 1165312K
  class space    used 20947K, capacity 21241K, committed 22656K, reserved 1048576K
Event: 4377,041 GC heap after
Heap after GC invocations=62 (full 22):
 PSYoungGen      total 280576K, used 0K [0x00000000eab00000, 0x0000000100000000, 0x0000000100000000)
  eden space 210944K, 0% used [0x00000000eab00000,0x00000000eab00000,0x00000000f7900000)
  from space 69632K, 0% used [0x00000000fbc00000,0x00000000fbc00000,0x0000000100000000)
  to   space 68608K, 0% used [0x00000000f7900000,0x00000000f7900000,0x00000000fbc00000)
 ParOldGen       total 699392K, used 63598K [0x00000000c0000000, 0x00000000eab00000, 0x00000000eab00000)
  object space 699392K, 9% used [0x00000000c0000000,0x00000000c3e1b800,0x00000000eab00000)
 Metaspace       used 130552K, capacity 131517K, committed 139136K, reserved 1165312K
  class space    used 20947K, capacity 21241K, committed 22656K, reserved 1048576K
}
Event: 4395,545 GC heap before
{Heap before GC invocations=63 (full 22):
 PSYoungGen      total 280576K, used 210944K [0x00000000eab00000, 0x0000000100000000, 0x0000000100000000)
  eden space 210944K, 100% used [0x00000000eab00000,0x00000000f7900000,0x00000000f7900000)
  from space 69632K, 0% used [0x00000000fbc00000,0x00000000fbc00000,0x0000000100000000)
  to   space 68608K, 0% used [0x00000000f7900000,0x00000000f7900000,0x00000000fbc00000)
 ParOldGen       total 699392K, used 63598K [0x00000000c0000000, 0x00000000eab00000, 0x00000000eab00000)
  object space 699392K, 9% used [0x00000000c0000000,0x00000000c3e1b800,0x00000000eab00000)
 Metaspace       used 149917K, capacity 151019K, committed 151808K, reserved 1177600K
  class space    used 24093K, capacity 24431K, committed 24576K, reserved 1048576K
Event: 4395,637 GC heap after
Heap after GC invocations=63 (full 22):
 PSYoungGen      total 268800K, used 57458K [0x00000000eab00000, 0x0000000100000000, 0x0000000100000000)
  eden space 210944K, 0% used [0x00000000eab00000,0x00000000eab00000,0x00000000f7900000)
  from space 57856K, 99% used [0x00000000f7900000,0x00000000fb11cbf8,0x00000000fb180000)
  to   space 77824K, 0% used [0x00000000fb400000,0x00000000fb400000,0x0000000100000000)
 ParOldGen       total 699392K, used 63606K [0x00000000c0000000, 0x00000000eab00000, 0x00000000eab00000)
  object space 699392K, 9% used [0x00000000c0000000,0x00000000c3e1d800,0x00000000eab00000)
 Metaspace       used 149917K, capacity 151019K, committed 151808K, reserved 1177600K
  class space    used 24093K, capacity 24431K, committed 24576K, reserved 1048576K
}
Event: 4436,189 GC heap before
{Heap before GC invocations=64 (full 22):
 PSYoungGen      total 268800K, used 249131K [0x00000000eab00000, 0x0000000100000000, 0x0000000100000000)
  eden space 210944K, 90% used [0x00000000eab00000,0x00000000f662e1f8,0x00000000f7900000)
  from space 57856K, 99% used [0x00000000f7900000,0x00000000fb11cbf8,0x00000000fb180000)
  to   space 77824K, 0% used [0x00000000fb400000,0x00000000fb400000,0x0000000100000000)
 ParOldGen       total 699392K, used 63606K [0x00000000c0000000, 0x00000000eab00000, 0x00000000eab00000)
  object space 699392K, 9% used [0x00000000c0000000,0x00000000c3e1d800,0x00000000eab00000)
 Metaspace       used 164488K, capacity 165612K, committed 166272K, reserved 1189888K
  class space    used 26087K, capacity 26415K, committed 26496K, reserved 1048576K
Event: 4437,394 GC heap after
Heap after GC invocations=64 (full 22):
 PSYoungGen      total 276480K, used 24073K [0x00000000eab00000, 0x0000000100000000, 0x0000000100000000)
  eden space 198656K, 0% used [0x00000000eab00000,0x00000000eab00000,0x00000000f6d00000)
  from space 77824K, 30% used [0x00000000fb400000,0x00000000fcb82718,0x0000000100000000)
  to   space 72704K, 0% used [0x00000000f6d00000,0x00000000f6d00000,0x00000000fb400000)
 ParOldGen       total 699392K, used 63606K [0x00000000c0000000, 0x00000000eab00000, 0x00000000eab00000)
  object space 699392K, 9% used [0x00000000c0000000,0x00000000c3e1d800,0x00000000eab00000)
 Metaspace       used 164488K, capacity 165612K, committed 166272K, reserved 1189888K
  class space    used 26087K, capacity 26415K, committed 26496K, reserved 1048576K
}
Event: 4437,409 GC heap before
{Heap before GC invocations=65 (full 23):
 PSYoungGen      total 276480K, used 24073K [0x00000000eab00000, 0x0000000100000000, 0x0000000100000000)
  eden space 198656K, 0% used [0x00000000eab00000,0x00000000eab00000,0x00000000f6d00000)
  from space 77824K, 30% used [0x00000000fb400000,0x00000000fcb82718,0x0000000100000000)
  to   space 72704K, 0% used [0x00000000f6d00000,0x00000000f6d00000,0x00000000fb400000)
 ParOldGen       total 699392K, used 63606K [0x00000000c0000000, 0x00000000eab00000, 0x00000000eab00000)
  object space 699392K, 9% used [0x00000000c0000000,0x00000000c3e1d800,0x00000000eab00000)
 Metaspace       used 164488K, capacity 165612K, committed 166272K, reserved 1189888K
  class space    used 26087K, capacity 26415K, committed 26496K, reserved 1048576K

