# JRE version: Java(TM) SE Runtime Environment (8.0_77-b03) (build 1.8.0_77-b03)
# Java VM: Java HotSpot(TM) 64-Bit Server VM (25.77-b03 mixed mode linux-amd64 compressed oops)
Heap:
 PSYoungGen      total 189952K, used 94322K [0x00000000eab00000, 0x00000000ffa00000, 0x0000000100000000)
  eden space 172032K, 44% used [0x00000000eab00000,0x00000000ef5f1620,0x00000000f5300000)
  from space 17920K, 98% used [0x00000000f5300000,0x00000000f642b398,0x00000000f6480000)
  to   space 85504K, 0% used [0x00000000fa680000,0x00000000fa680000,0x00000000ffa00000)
 ParOldGen       total 699392K, used 67324K [0x00000000c0000000, 0x00000000eab00000, 0x00000000eab00000)
  object space 699392K, 9% used [0x00000000c0000000,0x00000000c41bf0e0,0x00000000eab00000)
 Metaspace       used 144176K, capacity 145606K, committed 145964K, reserved 1171456K
  class space    used 23913K, capacity 24274K, committed 24364K, reserved 1048576K
GC Heap History (10 events):
Event: 973,919 GC heap before
{Heap before GC invocations=35 (full 10):
 PSYoungGen      total 271872K, used 225240K [0x00000000eab00000, 0x00000000fff00000, 0x0000000100000000)
  eden space 193536K, 100% used [0x00000000eab00000,0x00000000f6800000,0x00000000f6800000)
  from space 78336K, 40% used [0x00000000fb280000,0x00000000fd1763b8,0x00000000fff00000)
  to   space 76288K, 0% used [0x00000000f6800000,0x00000000f6800000,0x00000000fb280000)
 ParOldGen       total 699392K, used 67292K [0x00000000c0000000, 0x00000000eab00000, 0x00000000eab00000)
  object space 699392K, 9% used [0x00000000c0000000,0x00000000c41b70e0,0x00000000eab00000)
 Metaspace       used 134149K, capacity 135230K, committed 136236K, reserved 1163264K
  class space    used 22038K, capacity 22298K, committed 22828K, reserved 1048576K
Event: 973,934 GC heap after
Heap after GC invocations=35 (full 10):
 PSYoungGen      total 206336K, used 12655K [0x00000000eab00000, 0x00000000ff900000, 0x0000000100000000)
  eden space 193536K, 0% used [0x00000000eab00000,0x00000000eab00000,0x00000000f6800000)
  from space 12800K, 98% used [0x00000000f6800000,0x00000000f745bc48,0x00000000f7480000)
  to   space 73728K, 0% used [0x00000000fb100000,0x00000000fb100000,0x00000000ff900000)
 ParOldGen       total 699392K, used 67300K [0x00000000c0000000, 0x00000000eab00000, 0x00000000eab00000)
  object space 699392K, 9% used [0x00000000c0000000,0x00000000c41b90e0,0x00000000eab00000)
 Metaspace       used 134149K, capacity 135230K, committed 136236K, reserved 1163264K
  class space    used 22038K, capacity 22298K, committed 22828K, reserved 1048576K
}
Event: 975,397 GC heap before
{Heap before GC invocations=36 (full 10):
 PSYoungGen      total 206336K, used 206191K [0x00000000eab00000, 0x00000000ff900000, 0x0000000100000000)
  eden space 193536K, 100% used [0x00000000eab00000,0x00000000f6800000,0x00000000f6800000)
  from space 12800K, 98% used [0x00000000f6800000,0x00000000f745bc48,0x00000000f7480000)
  to   space 73728K, 0% used [0x00000000fb100000,0x00000000fb100000,0x00000000ff900000)
 ParOldGen       total 699392K, used 67300K [0x00000000c0000000, 0x00000000eab00000, 0x00000000eab00000)
  object space 699392K, 9% used [0x00000000c0000000,0x00000000c41b90e0,0x00000000eab00000)
 Metaspace       used 137815K, capacity 138992K, committed 139308K, reserved 1165312K
  class space    used 22731K, capacity 23016K, committed 23084K, reserved 1048576K
Event: 975,447 GC heap after
Heap after GC invocations=36 (full 10):
 PSYoungGen      total 257024K, used 62026K [0x00000000eab00000, 0x0000000100000000, 0x0000000100000000)
  eden space 183296K, 0% used [0x00000000eab00000,0x00000000eab00000,0x00000000f5e00000)
  from space 73728K, 84% used [0x00000000fb100000,0x00000000fed92888,0x00000000ff900000)
  to   space 82944K, 0% used [0x00000000f5e00000,0x00000000f5e00000,0x00000000faf00000)
 ParOldGen       total 699392K, used 67308K [0x00000000c0000000, 0x00000000eab00000, 0x00000000eab00000)
  object space 699392K, 9% used [0x00000000c0000000,0x00000000c41bb0e0,0x00000000eab00000)
 Metaspace       used 137815K, capacity 138992K, committed 139308K, reserved 1165312K
  class space    used 22731K, capacity 23016K, committed 23084K, reserved 1048576K
}
Event: 977,215 GC heap before
{Heap before GC invocations=37 (full 10):
 PSYoungGen      total 257024K, used 245322K [0x00000000eab00000, 0x0000000100000000, 0x0000000100000000)
  eden space 183296K, 100% used [0x00000000eab00000,0x00000000f5e00000,0x00000000f5e00000)
  from space 73728K, 84% used [0x00000000fb100000,0x00000000fed92888,0x00000000ff900000)
  to   space 82944K, 0% used [0x00000000f5e00000,0x00000000f5e00000,0x00000000faf00000)
 ParOldGen       total 699392K, used 67308K [0x00000000c0000000, 0x00000000eab00000, 0x00000000eab00000)
  object space 699392K, 9% used [0x00000000c0000000,0x00000000c41bb0e0,0x00000000eab00000)
 Metaspace       used 139139K, capacity 140322K, committed 140588K, reserved 1167360K
  class space    used 22972K, capacity 23286K, committed 23340K, reserved 1048576K
Event: 977,261 GC heap after
Heap after GC invocations=37 (full 10):
 PSYoungGen      total 241664K, used 58220K [0x00000000eab00000, 0x0000000100000000, 0x0000000100000000)
  eden space 183296K, 0% used [0x00000000eab00000,0x00000000eab00000,0x00000000f5e00000)
  from space 58368K, 99% used [0x00000000f5e00000,0x00000000f96db3e8,0x00000000f9700000)
  to   space 88576K, 0% used [0x00000000fa980000,0x00000000fa980000,0x0000000100000000)
 ParOldGen       total 699392K, used 67316K [0x00000000c0000000, 0x00000000eab00000, 0x00000000eab00000)
  object space 699392K, 9% used [0x00000000c0000000,0x00000000c41bd0e0,0x00000000eab00000)
 Metaspace       used 139139K, capacity 140322K, committed 140588K, reserved 1167360K
  class space    used 22972K, capacity 23286K, committed 23340K, reserved 1048576K
}
Event: 978,752 GC heap before
{Heap before GC invocations=38 (full 10):
 PSYoungGen      total 241664K, used 241516K [0x00000000eab00000, 0x0000000100000000, 0x0000000100000000)
  eden space 183296K, 100% used [0x00000000eab00000,0x00000000f5e00000,0x00000000f5e00000)
  from space 58368K, 99% used [0x00000000f5e00000,0x00000000f96db3e8,0x00000000f9700000)
  to   space 88576K, 0% used [0x00000000fa980000,0x00000000fa980000,0x0000000100000000)
 ParOldGen       total 699392K, used 67316K [0x00000000c0000000, 0x00000000eab00000, 0x00000000eab00000)
  object space 699392K, 9% used [0x00000000c0000000,0x00000000c41bd0e0,0x00000000eab00000)
 Metaspace       used 142460K, capacity 143732K, committed 144044K, reserved 1169408K
  class space    used 23621K, capacity 23972K, committed 23980K, reserved 1048576K
Event: 978,812 GC heap after
Heap after GC invocations=38 (full 10):
 PSYoungGen      total 260608K, used 46843K [0x00000000eab00000, 0x0000000100000000, 0x0000000100000000)
  eden space 172032K, 0% used [0x00000000eab00000,0x00000000eab00000,0x00000000f5300000)
  from space 88576K, 52% used [0x00000000fa980000,0x00000000fd73edb0,0x0000000100000000)
  to   space 88576K, 0% used [0x00000000f5300000,0x00000000f5300000,0x00000000fa980000)
 ParOldGen       total 699392K, used 67316K [0x00000000c0000000, 0x00000000eab00000, 0x00000000eab00000)
  object space 699392K, 9% used [0x00000000c0000000,0x00000000c41bd0e0,0x00000000eab00000)
 Metaspace       used 142460K, capacity 143732K, committed 144044K, reserved 1169408K
  class space    used 23621K, capacity 23972K, committed 23980K, reserved 1048576K
}
Event: 981,404 GC heap before
{Heap before GC invocations=39 (full 10):
 PSYoungGen      total 260608K, used 218875K [0x00000000eab00000, 0x0000000100000000, 0x0000000100000000)
  eden space 172032K, 100% used [0x00000000eab00000,0x00000000f5300000,0x00000000f5300000)
  from space 88576K, 52% used [0x00000000fa980000,0x00000000fd73edb0,0x0000000100000000)
  to   space 88576K, 0% used [0x00000000f5300000,0x00000000f5300000,0x00000000fa980000)
 ParOldGen       total 699392K, used 67316K [0x00000000c0000000, 0x00000000eab00000, 0x00000000eab00000)
  object space 699392K, 9% used [0x00000000c0000000,0x00000000c41bd0e0,0x00000000eab00000)
 Metaspace       used 143758K, capacity 145100K, committed 145452K, reserved 1171456K
  class space    used 23777K, capacity 24108K, committed 24108K, reserved 1048576K
Event: 981,443 GC heap after
Heap after GC invocations=39 (full 10):
 PSYoungGen      total 189952K, used 17580K [0x00000000eab00000, 0x00000000ffa00000, 0x0000000100000000)
  eden space 172032K, 0% used [0x00000000eab00000,0x00000000eab00000,0x00000000f5300000)
  from space 17920K, 98% used [0x00000000f5300000,0x00000000f642b398,0x00000000f6480000)
  to   space 85504K, 0% used [0x00000000fa680000,0x00000000fa680000,0x00000000ffa00000)
 ParOldGen       total 699392K, used 67324K [0x00000000c0000000, 0x00000000eab00000, 0x00000000eab00000)
  object space 699392K, 9% used [0x00000000c0000000,0x00000000c41bf0e0,0x00000000eab00000)
 Metaspace       used 143758K, capacity 145100K, committed 145452K, reserved 1171456K
  class space    used 23777K, capacity 24108K, committed 24108K, reserved 1048576K
}

