# JRE version: Java(TM) SE Runtime Environment (8.0_77-b03) (build 1.8.0_77-b03)
# Java VM: Java HotSpot(TM) 64-Bit Server VM (25.77-b03 mixed mode linux-amd64 compressed oops)
Heap:
 PSYoungGen      total 18432K, used 5120K [0x00000000f0000000, 0x00000000f1c80000, 0x0000000100000000)
  eden space 15872K, 16% used [0x00000000f0000000,0x00000000f02869a8,0x00000000f0f80000)
  from space 2560K, 99% used [0x00000000f0f80000,0x00000000f11f99e8,0x00000000f1200000)
  to   space 6656K, 0% used [0x00000000f1600000,0x00000000f1600000,0x00000000f1c80000)
 ParOldGen       total 42496K, used 9307K [0x00000000d0000000, 0x00000000d2980000, 0x00000000f0000000)
  object space 42496K, 21% used [0x00000000d0000000,0x00000000d0916ce0,0x00000000d2980000)
 Metaspace       used 20623K, capacity 20858K, committed 21120K, reserved 1067008K
  class space    used 3588K, capacity 3622K, committed 3712K, reserved 1048576K
GC Heap History (10 events):
Event: 2,397 GC heap before
{Heap before GC invocations=1 (full 0):
 PSYoungGen      total 18432K, used 15872K [0x00000000f0000000, 0x00000000f1480000, 0x0000000100000000)
  eden space 15872K, 100% used [0x00000000f0000000,0x00000000f0f80000,0x00000000f0f80000)
  from space 2560K, 0% used [0x00000000f1200000,0x00000000f1200000,0x00000000f1480000)
  to   space 2560K, 0% used [0x00000000f0f80000,0x00000000f0f80000,0x00000000f1200000)
 ParOldGen       total 42496K, used 0K [0x00000000d0000000, 0x00000000d2980000, 0x00000000f0000000)
  object space 42496K, 0% used [0x00000000d0000000,0x00000000d0000000,0x00000000d2980000)
 Metaspace       used 5541K, capacity 6704K, committed 6912K, reserved 1056768K
  class space    used 667K, capacity 720K, committed 768K, reserved 1048576K
Event: 2,424 GC heap after
Heap after GC invocations=1 (full 0):
 PSYoungGen      total 18432K, used 2558K [0x00000000f0000000, 0x00000000f1480000, 0x0000000100000000)
  eden space 15872K, 0% used [0x00000000f0000000,0x00000000f0000000,0x00000000f0f80000)
  from space 2560K, 99% used [0x00000000f0f80000,0x00000000f11ffb58,0x00000000f1200000)
  to   space 2560K, 0% used [0x00000000f1200000,0x00000000f1200000,0x00000000f1480000)
 ParOldGen       total 42496K, used 365K [0x00000000d0000000, 0x00000000d2980000, 0x00000000f0000000)
  object space 42496K, 0% used [0x00000000d0000000,0x00000000d005b4f0,0x00000000d2980000)
 Metaspace       used 5541K, capacity 6704K, committed 6912K, reserved 1056768K
  class space    used 667K, capacity 720K, committed 768K, reserved 1048576K
}
Event: 4,314 GC heap before
{Heap before GC invocations=2 (full 0):
 PSYoungGen      total 18432K, used 18430K [0x00000000f0000000, 0x00000000f1480000, 0x0000000100000000)
  eden space 15872K, 100% used [0x00000000f0000000,0x00000000f0f80000,0x00000000f0f80000)
  from space 2560K, 99% used [0x00000000f0f80000,0x00000000f11ffb58,0x00000000f1200000)
  to   space 2560K, 0% used [0x00000000f1200000,0x00000000f1200000,0x00000000f1480000)
 ParOldGen       total 42496K, used 365K [0x00000000d0000000, 0x00000000d2980000, 0x00000000f0000000)
  object space 42496K, 0% used [0x00000000d0000000,0x00000000d005b4f0,0x00000000d2980000)
 Metaspace       used 9829K, capacity 10948K, committed 11136K, reserved 1058816K
  class space    used 1581K, capacity 1620K, committed 1664K, reserved 1048576K
Event: 4,323 GC heap after
Heap after GC invocations=2 (full 0):
 PSYoungGen      total 18432K, used 2547K [0x00000000f0000000, 0x00000000f1480000, 0x0000000100000000)
  eden space 15872K, 0% used [0x00000000f0000000,0x00000000f0000000,0x00000000f0f80000)
  from space 2560K, 99% used [0x00000000f1200000,0x00000000f147ccb0,0x00000000f1480000)
  to   space 2560K, 0% used [0x00000000f0f80000,0x00000000f0f80000,0x00000000f1200000)
 ParOldGen       total 42496K, used 2479K [0x00000000d0000000, 0x00000000d2980000, 0x00000000f0000000)
  object space 42496K, 5% used [0x00000000d0000000,0x00000000d026bc20,0x00000000d2980000)
 Metaspace       used 9829K, capacity 10948K, committed 11136K, reserved 1058816K
  class space    used 1581K, capacity 1620K, committed 1664K, reserved 1048576K
}
Event: 6,185 GC heap before
{Heap before GC invocations=3 (full 0):
 PSYoungGen      total 18432K, used 18419K [0x00000000f0000000, 0x00000000f1480000, 0x0000000100000000)
  eden space 15872K, 100% used [0x00000000f0000000,0x00000000f0f80000,0x00000000f0f80000)
  from space 2560K, 99% used [0x00000000f1200000,0x00000000f147ccb0,0x00000000f1480000)
  to   space 2560K, 0% used [0x00000000f0f80000,0x00000000f0f80000,0x00000000f1200000)
 ParOldGen       total 42496K, used 2479K [0x00000000d0000000, 0x00000000d2980000, 0x00000000f0000000)
  object space 42496K, 5% used [0x00000000d0000000,0x00000000d026bc20,0x00000000d2980000)
 Metaspace       used 13237K, capacity 13480K, committed 13568K, reserved 1060864K
  class space    used 2233K, capacity 2272K, committed 2304K, reserved 1048576K
Event: 6,189 GC heap after
Heap after GC invocations=3 (full 0):
 PSYoungGen      total 18432K, used 2545K [0x00000000f0000000, 0x00000000f1480000, 0x0000000100000000)
  eden space 15872K, 0% used [0x00000000f0000000,0x00000000f0000000,0x00000000f0f80000)
  from space 2560K, 99% used [0x00000000f0f80000,0x00000000f11fc4c0,0x00000000f1200000)
  to   space 2560K, 0% used [0x00000000f1200000,0x00000000f1200000,0x00000000f1480000)
 ParOldGen       total 42496K, used 3684K [0x00000000d0000000, 0x00000000d2980000, 0x00000000f0000000)
  object space 42496K, 8% used [0x00000000d0000000,0x00000000d03990c8,0x00000000d2980000)
 Metaspace       used 13237K, capacity 13480K, committed 13568K, reserved 1060864K
  class space    used 2233K, capacity 2272K, committed 2304K, reserved 1048576K
}
Event: 8,903 GC heap before
{Heap before GC invocations=4 (full 0):
 PSYoungGen      total 18432K, used 18417K [0x00000000f0000000, 0x00000000f1480000, 0x0000000100000000)
  eden space 15872K, 100% used [0x00000000f0000000,0x00000000f0f80000,0x00000000f0f80000)
  from space 2560K, 99% used [0x00000000f0f80000,0x00000000f11fc4c0,0x00000000f1200000)
  to   space 2560K, 0% used [0x00000000f1200000,0x00000000f1200000,0x00000000f1480000)
 ParOldGen       total 42496K, used 3684K [0x00000000d0000000, 0x00000000d2980000, 0x00000000f0000000)
  object space 42496K, 8% used [0x00000000d0000000,0x00000000d03990c8,0x00000000d2980000)
 Metaspace       used 15467K, capacity 15738K, committed 16000K, reserved 1062912K
  class space    used 2638K, capacity 2662K, committed 2688K, reserved 1048576K
Event: 8,914 GC heap after
Heap after GC invocations=4 (full 0):
 PSYoungGen      total 18432K, used 2547K [0x00000000f0000000, 0x00000000f1480000, 0x0000000100000000)
  eden space 15872K, 0% used [0x00000000f0000000,0x00000000f0000000,0x00000000f0f80000)
  from space 2560K, 99% used [0x00000000f1200000,0x00000000f147cf00,0x00000000f1480000)
  to   space 2560K, 0% used [0x00000000f0f80000,0x00000000f0f80000,0x00000000f1200000)
 ParOldGen       total 42496K, used 5569K [0x00000000d0000000, 0x00000000d2980000, 0x00000000f0000000)
  object space 42496K, 13% used [0x00000000d0000000,0x00000000d05705f8,0x00000000d2980000)
 Metaspace       used 15467K, capacity 15738K, committed 16000K, reserved 1062912K
  class space    used 2638K, capacity 2662K, committed 2688K, reserved 1048576K
}
Event: 11,023 GC heap before
{Heap before GC invocations=5 (full 0):
 PSYoungGen      total 18432K, used 18419K [0x00000000f0000000, 0x00000000f1480000, 0x0000000100000000)
  eden space 15872K, 100% used [0x00000000f0000000,0x00000000f0f80000,0x00000000f0f80000)
  from space 2560K, 99% used [0x00000000f1200000,0x00000000f147cf00,0x00000000f1480000)
  to   space 2560K, 0% used [0x00000000f0f80000,0x00000000f0f80000,0x00000000f1200000)
 ParOldGen       total 42496K, used 5569K [0x00000000d0000000, 0x00000000d2980000, 0x00000000f0000000)
  object space 42496K, 13% used [0x00000000d0000000,0x00000000d05705f8,0x00000000d2980000)
 Metaspace       used 20052K, capacity 20282K, committed 20480K, reserved 1067008K
  class space    used 3495K, capacity 3558K, committed 3584K, reserved 1048576K
Event: 11,039 GC heap after
Heap after GC invocations=5 (full 0):
 PSYoungGen      total 18432K, used 2534K [0x00000000f0000000, 0x00000000f1c80000, 0x0000000100000000)
  eden space 15872K, 0% used [0x00000000f0000000,0x00000000f0000000,0x00000000f0f80000)
  from space 2560K, 99% used [0x00000000f0f80000,0x00000000f11f99e8,0x00000000f1200000)
  to   space 6656K, 0% used [0x00000000f1600000,0x00000000f1600000,0x00000000f1c80000)
 ParOldGen       total 42496K, used 9307K [0x00000000d0000000, 0x00000000d2980000, 0x00000000f0000000)
  object space 42496K, 21% used [0x00000000d0000000,0x00000000d0916ce0,0x00000000d2980000)
 Metaspace       used 20052K, capacity 20282K, committed 20480K, reserved 1067008K
  class space    used 3495K, capacity 3558K, committed 3584K, reserved 1048576K
}

