# JRE version: Java(TM) SE Runtime Environment (8.0_72-b15) (build 1.8.0_72-b15)
# Java VM: Java HotSpot(TM) 64-Bit Server VM (25.72-b15 mixed mode linux-amd64 compressed oops)
Heap:
 PSYoungGen      total 291840K, used 8055K [0x00000000eab00000, 0x0000000100000000, 0x0000000100000000)
  eden space 252928K, 3% used [0x00000000eab00000,0x00000000eb2ddcf8,0x00000000fa200000)
  from space 38912K, 0% used [0x00000000fa200000,0x00000000fa200000,0x00000000fc800000)
  to   space 52224K, 0% used [0x00000000fcd00000,0x00000000fcd00000,0x0000000100000000)
 ParOldGen       total 630784K, used 59971K [0x00000000c0000000, 0x00000000e6800000, 0x00000000eab00000)
  object space 630784K, 9% used [0x00000000c0000000,0x00000000c3a90fc8,0x00000000e6800000)
 Metaspace       used 91713K, capacity 92528K, committed 98348K, reserved 1130496K
  class space    used 15447K, capacity 15687K, committed 16768K, reserved 1048576K
GC Heap History (10 events):
Event: 34,600 GC heap before
{Heap before GC invocations=9 (full 3):
 PSYoungGen      total 272896K, used 20458K [0x00000000eab00000, 0x0000000100000000, 0x0000000100000000)
  eden space 252416K, 0% used [0x00000000eab00000,0x00000000eab00000,0x00000000fa180000)
  from space 20480K, 99% used [0x00000000fbd00000,0x00000000fd0fa8e0,0x00000000fd100000)
  to   space 28160K, 0% used [0x00000000fa180000,0x00000000fa180000,0x00000000fbd00000)
 ParOldGen       total 349696K, used 24173K [0x00000000c0000000, 0x00000000d5580000, 0x00000000eab00000)
  object space 349696K, 6% used [0x00000000c0000000,0x00000000c179b6d8,0x00000000d5580000)
 Metaspace       used 58227K, capacity 58748K, committed 59008K, reserved 1097728K
  class space    used 10732K, capacity 10851K, committed 10880K, reserved 1048576K
Event: 35,229 GC heap after
Heap after GC invocations=9 (full 3):
 PSYoungGen      total 272896K, used 0K [0x00000000eab00000, 0x0000000100000000, 0x0000000100000000)
  eden space 252416K, 0% used [0x00000000eab00000,0x00000000eab00000,0x00000000fa180000)
  from space 20480K, 0% used [0x00000000fbd00000,0x00000000fbd00000,0x00000000fd100000)
  to   space 28160K, 0% used [0x00000000fa180000,0x00000000fa180000,0x00000000fbd00000)
 ParOldGen       total 452096K, used 32445K [0x00000000c0000000, 0x00000000db980000, 0x00000000eab00000)
  object space 452096K, 7% used [0x00000000c0000000,0x00000000c1faf440,0x00000000db980000)
 Metaspace       used 58153K, capacity 58596K, committed 59008K, reserved 1097728K
  class space    used 10719K, capacity 10823K, committed 10880K, reserved 1048576K
}
Event: 72,070 GC heap before
{Heap before GC invocations=10 (full 3):
 PSYoungGen      total 272896K, used 252416K [0x00000000eab00000, 0x0000000100000000, 0x0000000100000000)
  eden space 252416K, 100% used [0x00000000eab00000,0x00000000fa180000,0x00000000fa180000)
  from space 20480K, 0% used [0x00000000fbd00000,0x00000000fbd00000,0x00000000fd100000)
  to   space 28160K, 0% used [0x00000000fa180000,0x00000000fa180000,0x00000000fbd00000)
 ParOldGen       total 452096K, used 32445K [0x00000000c0000000, 0x00000000db980000, 0x00000000eab00000)
  object space 452096K, 7% used [0x00000000c0000000,0x00000000c1faf440,0x00000000db980000)
 Metaspace       used 73179K, capacity 73668K, committed 73984K, reserved 1110016K
  class space    used 13146K, capacity 13237K, committed 13312K, reserved 1048576K
Event: 72,406 GC heap after
Heap after GC invocations=10 (full 3):
 PSYoungGen      total 280576K, used 28134K [0x00000000eab00000, 0x0000000100000000, 0x0000000100000000)
  eden space 252416K, 0% used [0x00000000eab00000,0x00000000eab00000,0x00000000fa180000)
  from space 28160K, 99% used [0x00000000fa180000,0x00000000fbcf9830,0x00000000fbd00000)
  to   space 38400K, 0% used [0x00000000fda80000,0x00000000fda80000,0x0000000100000000)
 ParOldGen       total 452096K, used 43883K [0x00000000c0000000, 0x00000000db980000, 0x00000000eab00000)
  object space 452096K, 9% used [0x00000000c0000000,0x00000000c2adaf10,0x00000000db980000)
 Metaspace       used 73179K, capacity 73668K, committed 73984K, reserved 1110016K
  class space    used 13146K, capacity 13237K, committed 13312K, reserved 1048576K
}
Event: 86,655 GC heap before
{Heap before GC invocations=11 (full 3):
 PSYoungGen      total 280576K, used 280550K [0x00000000eab00000, 0x0000000100000000, 0x0000000100000000)
  eden space 252416K, 100% used [0x00000000eab00000,0x00000000fa180000,0x00000000fa180000)
  from space 28160K, 99% used [0x00000000fa180000,0x00000000fbcf9830,0x00000000fbd00000)
  to   space 38400K, 0% used [0x00000000fda80000,0x00000000fda80000,0x0000000100000000)
 ParOldGen       total 452096K, used 43883K [0x00000000c0000000, 0x00000000db980000, 0x00000000eab00000)
  object space 452096K, 9% used [0x00000000c0000000,0x00000000c2adaf10,0x00000000db980000)
 Metaspace       used 85546K, capacity 86312K, committed 86528K, reserved 1120256K
  class space    used 15104K, capacity 15273K, committed 15360K, reserved 1048576K
Event: 86,783 GC heap after
Heap after GC invocations=11 (full 3):
 PSYoungGen      total 291328K, used 38398K [0x00000000eab00000, 0x0000000100000000, 0x0000000100000000)
  eden space 252928K, 0% used [0x00000000eab00000,0x00000000eab00000,0x00000000fa200000)
  from space 38400K, 99% used [0x00000000fda80000,0x00000000fffff978,0x0000000100000000)
  to   space 48128K, 0% used [0x00000000fa200000,0x00000000fa200000,0x00000000fd100000)
 ParOldGen       total 452096K, used 51861K [0x00000000c0000000, 0x00000000db980000, 0x00000000eab00000)
  object space 452096K, 11% used [0x00000000c0000000,0x00000000c32a5658,0x00000000db980000)
 Metaspace       used 85546K, capacity 86312K, committed 86528K, reserved 1120256K
  class space    used 15104K, capacity 15273K, committed 15360K, reserved 1048576K
}
Event: 92,213 GC heap before
{Heap before GC invocations=12 (full 3):
 PSYoungGen      total 291328K, used 141377K [0x00000000eab00000, 0x0000000100000000, 0x0000000100000000)
  eden space 252928K, 40% used [0x00000000eab00000,0x00000000f0f90b90,0x00000000fa200000)
  from space 38400K, 99% used [0x00000000fda80000,0x00000000fffff978,0x0000000100000000)
  to   space 48128K, 0% used [0x00000000fa200000,0x00000000fa200000,0x00000000fd100000)
 ParOldGen       total 452096K, used 51861K [0x00000000c0000000, 0x00000000db980000, 0x00000000eab00000)
  object space 452096K, 11% used [0x00000000c0000000,0x00000000c32a5658,0x00000000db980000)
 Metaspace       used 97336K, capacity 98248K, committed 98348K, reserved 1130496K
  class space    used 16423K, capacity 16719K, committed 16768K, reserved 1048576K
Event: 92,274 GC heap after
Heap after GC invocations=12 (full 3):
 PSYoungGen      total 291840K, used 38877K [0x00000000eab00000, 0x0000000100000000, 0x0000000100000000)
  eden space 252928K, 0% used [0x00000000eab00000,0x00000000eab00000,0x00000000fa200000)
  from space 38912K, 99% used [0x00000000fa200000,0x00000000fc7f7568,0x00000000fc800000)
  to   space 52224K, 0% used [0x00000000fcd00000,0x00000000fcd00000,0x0000000100000000)
 ParOldGen       total 452096K, used 51869K [0x00000000c0000000, 0x00000000db980000, 0x00000000eab00000)
  object space 452096K, 11% used [0x00000000c0000000,0x00000000c32a7658,0x00000000db980000)
 Metaspace       used 97336K, capacity 98248K, committed 98348K, reserved 1130496K
  class space    used 16423K, capacity 16719K, committed 16768K, reserved 1048576K
}
Event: 92,274 GC heap before
{Heap before GC invocations=13 (full 4):
 PSYoungGen      total 291840K, used 38877K [0x00000000eab00000, 0x0000000100000000, 0x0000000100000000)
  eden space 252928K, 0% used [0x00000000eab00000,0x00000000eab00000,0x00000000fa200000)
  from space 38912K, 99% used [0x00000000fa200000,0x00000000fc7f7568,0x00000000fc800000)
  to   space 52224K, 0% used [0x00000000fcd00000,0x00000000fcd00000,0x0000000100000000)
 ParOldGen       total 452096K, used 51869K [0x00000000c0000000, 0x00000000db980000, 0x00000000eab00000)
  object space 452096K, 11% used [0x00000000c0000000,0x00000000c32a7658,0x00000000db980000)
 Metaspace       used 97336K, capacity 98248K, committed 98348K, reserved 1130496K
  class space    used 16423K, capacity 16719K, committed 16768K, reserved 1048576K
Event: 92,691 GC heap after
Heap after GC invocations=13 (full 4):
 PSYoungGen      total 291840K, used 0K [0x00000000eab00000, 0x0000000100000000, 0x0000000100000000)
  eden space 252928K, 0% used [0x00000000eab00000,0x00000000eab00000,0x00000000fa200000)
  from space 38912K, 0% used [0x00000000fa200000,0x00000000fa200000,0x00000000fc800000)
  to   space 52224K, 0% used [0x00000000fcd00000,0x00000000fcd00000,0x0000000100000000)
 ParOldGen       total 630784K, used 59971K [0x00000000c0000000, 0x00000000e6800000, 0x00000000eab00000)
  object space 630784K, 9% used [0x00000000c0000000,0x00000000c3a90fc8,0x00000000e6800000)
 Metaspace       used 90933K, capacity 91696K, committed 98348K, reserved 1130496K
  class space    used 15323K, capacity 15559K, committed 16768K, reserved 1048576K
}

