# JRE version: Java(TM) SE Runtime Environment (8.0_77-b03) (build 1.8.0_77-b03)
# Java VM: Java HotSpot(TM) 64-Bit Server VM (25.77-b03 mixed mode linux-amd64 compressed oops)
Heap:
 PSYoungGen      total 273408K, used 7214K [0x00000000eab00000, 0x0000000100000000, 0x0000000100000000)
  eden space 222208K, 0% used [0x00000000eab00000,0x00000000eab00000,0x00000000f8400000)
  from space 51200K, 14% used [0x00000000fce00000,0x00000000fd50b818,0x0000000100000000)
  to   space 63488K, 0% used [0x00000000f8400000,0x00000000f8400000,0x00000000fc200000)
 ParOldGen       total 398848K, used 122086K [0x00000000c0000000, 0x00000000d8580000, 0x00000000eab00000)
  object space 398848K, 30% used [0x00000000c0000000,0x00000000c7739ac0,0x00000000d8580000)
 Metaspace       used 132950K, capacity 134087K, committed 134400K, reserved 1161216K
  class space    used 21663K, capacity 21974K, committed 22016K, reserved 1048576K
GC Heap History (10 events):
Event: 296,075 GC heap after
Heap after GC invocations=23 (full 8):
 PSYoungGen      total 295424K, used 0K [0x00000000eab00000, 0x0000000100000000, 0x0000000100000000)
  eden space 243200K, 0% used [0x00000000eab00000,0x00000000eab00000,0x00000000f9880000)
  from space 52224K, 0% used [0x00000000f9880000,0x00000000f9880000,0x00000000fcb80000)
  to   space 51200K, 0% used [0x00000000fce00000,0x00000000fce00000,0x0000000100000000)
 ParOldGen       total 398848K, used 70831K [0x00000000c0000000, 0x00000000d8580000, 0x00000000eab00000)
  object space 398848K, 17% used [0x00000000c0000000,0x00000000c452bfc0,0x00000000d8580000)
 Metaspace       used 126771K, capacity 127577K, committed 131328K, reserved 1159168K
  class space    used 20847K, capacity 21114K, committed 21760K, reserved 1048576K
}
Event: 296,083 GC heap before
{Heap before GC invocations=24 (full 8):
 PSYoungGen      total 295424K, used 1535K [0x00000000eab00000, 0x0000000100000000, 0x0000000100000000)
  eden space 243200K, 0% used [0x00000000eab00000,0x00000000eac7fd90,0x00000000f9880000)
  from space 52224K, 0% used [0x00000000f9880000,0x00000000f9880000,0x00000000fcb80000)
  to   space 51200K, 0% used [0x00000000fce00000,0x00000000fce00000,0x0000000100000000)
 ParOldGen       total 398848K, used 70831K [0x00000000c0000000, 0x00000000d8580000, 0x00000000eab00000)
  object space 398848K, 17% used [0x00000000c0000000,0x00000000c452bfc0,0x00000000d8580000)
 Metaspace       used 126771K, capacity 127577K, committed 131328K, reserved 1159168K
  class space    used 20847K, capacity 21114K, committed 21760K, reserved 1048576K
Event: 296,088 GC heap after
Heap after GC invocations=24 (full 8):
 PSYoungGen      total 297984K, used 64K [0x00000000eab00000, 0x0000000100000000, 0x0000000100000000)
  eden space 246784K, 0% used [0x00000000eab00000,0x00000000eab00000,0x00000000f9c00000)
  from space 51200K, 0% used [0x00000000fce00000,0x00000000fce10000,0x0000000100000000)
  to   space 51200K, 0% used [0x00000000f9c00000,0x00000000f9c00000,0x00000000fce00000)
 ParOldGen       total 398848K, used 70831K [0x00000000c0000000, 0x00000000d8580000, 0x00000000eab00000)
  object space 398848K, 17% used [0x00000000c0000000,0x00000000c452bfc0,0x00000000d8580000)
 Metaspace       used 126771K, capacity 127577K, committed 131328K, reserved 1159168K
  class space    used 20847K, capacity 21114K, committed 21760K, reserved 1048576K
}
Event: 296,088 GC heap before
{Heap before GC invocations=25 (full 9):
 PSYoungGen      total 297984K, used 64K [0x00000000eab00000, 0x0000000100000000, 0x0000000100000000)
  eden space 246784K, 0% used [0x00000000eab00000,0x00000000eab00000,0x00000000f9c00000)
  from space 51200K, 0% used [0x00000000fce00000,0x00000000fce10000,0x0000000100000000)
  to   space 51200K, 0% used [0x00000000f9c00000,0x00000000f9c00000,0x00000000fce00000)
 ParOldGen       total 398848K, used 70831K [0x00000000c0000000, 0x00000000d8580000, 0x00000000eab00000)
  object space 398848K, 17% used [0x00000000c0000000,0x00000000c452bfc0,0x00000000d8580000)
 Metaspace       used 126771K, capacity 127577K, committed 131328K, reserved 1159168K
  class space    used 20847K, capacity 21114K, committed 21760K, reserved 1048576K
Event: 296,374 GC heap after
Heap after GC invocations=25 (full 9):
 PSYoungGen      total 297984K, used 0K [0x00000000eab00000, 0x0000000100000000, 0x0000000100000000)
  eden space 246784K, 0% used [0x00000000eab00000,0x00000000eab00000,0x00000000f9c00000)
  from space 51200K, 0% used [0x00000000fce00000,0x00000000fce00000,0x0000000100000000)
  to   space 51200K, 0% used [0x00000000f9c00000,0x00000000f9c00000,0x00000000fce00000)
 ParOldGen       total 398848K, used 64581K [0x00000000c0000000, 0x00000000d8580000, 0x00000000eab00000)
  object space 398848K, 16% used [0x00000000c0000000,0x00000000c3f117d0,0x00000000d8580000)
 Metaspace       used 126771K, capacity 127577K, committed 131328K, reserved 1159168K
  class space    used 20847K, capacity 21114K, committed 21760K, reserved 1048576K
}
Event: 302,282 GC heap before
{Heap before GC invocations=26 (full 9):
 PSYoungGen      total 297984K, used 246784K [0x00000000eab00000, 0x0000000100000000, 0x0000000100000000)
  eden space 246784K, 100% used [0x00000000eab00000,0x00000000f9c00000,0x00000000f9c00000)
  from space 51200K, 0% used [0x00000000fce00000,0x00000000fce00000,0x0000000100000000)
  to   space 51200K, 0% used [0x00000000f9c00000,0x00000000f9c00000,0x00000000fce00000)
 ParOldGen       total 398848K, used 64581K [0x00000000c0000000, 0x00000000d8580000, 0x00000000eab00000)
  object space 398848K, 16% used [0x00000000c0000000,0x00000000c3f117d0,0x00000000d8580000)
 Metaspace       used 131238K, capacity 132113K, committed 132736K, reserved 1161216K
  class space    used 21539K, capacity 21833K, committed 21888K, reserved 1048576K
Event: 302,480 GC heap after
Heap after GC invocations=26 (full 9):
 PSYoungGen      total 297984K, used 51171K [0x00000000eab00000, 0x0000000100000000, 0x0000000100000000)
  eden space 246784K, 0% used [0x00000000eab00000,0x00000000eab00000,0x00000000f9c00000)
  from space 51200K, 99% used [0x00000000f9c00000,0x00000000fcdf8d40,0x00000000fce00000)
  to   space 51200K, 0% used [0x00000000fce00000,0x00000000fce00000,0x0000000100000000)
 ParOldGen       total 398848K, used 77947K [0x00000000c0000000, 0x00000000d8580000, 0x00000000eab00000)
  object space 398848K, 19% used [0x00000000c0000000,0x00000000c4c1ed90,0x00000000d8580000)
 Metaspace       used 131238K, capacity 132113K, committed 132736K, reserved 1161216K
  class space    used 21539K, capacity 21833K, committed 21888K, reserved 1048576K
}
Event: 1192,870 GC heap before
{Heap before GC invocations=27 (full 9):
 PSYoungGen      total 297984K, used 208997K [0x00000000eab00000, 0x0000000100000000, 0x0000000100000000)
  eden space 246784K, 63% used [0x00000000eab00000,0x00000000f45207b8,0x00000000f9c00000)
  from space 51200K, 99% used [0x00000000f9c00000,0x00000000fcdf8d40,0x00000000fce00000)
  to   space 51200K, 0% used [0x00000000fce00000,0x00000000fce00000,0x0000000100000000)
 ParOldGen       total 398848K, used 77947K [0x00000000c0000000, 0x00000000d8580000, 0x00000000eab00000)
  object space 398848K, 19% used [0x00000000c0000000,0x00000000c4c1ed90,0x00000000d8580000)
 Metaspace       used 132950K, capacity 134087K, committed 134400K, reserved 1161216K
  class space    used 21663K, capacity 21974K, committed 22016K, reserved 1048576K
Event: 1193,085 GC heap after
Heap after GC invocations=27 (full 9):
 PSYoungGen      total 273408K, used 7214K [0x00000000eab00000, 0x0000000100000000, 0x0000000100000000)
  eden space 222208K, 0% used [0x00000000eab00000,0x00000000eab00000,0x00000000f8400000)
  from space 51200K, 14% used [0x00000000fce00000,0x00000000fd50b818,0x0000000100000000)
  to   space 63488K, 0% used [0x00000000f8400000,0x00000000f8400000,0x00000000fc200000)
 ParOldGen       total 398848K, used 122086K [0x00000000c0000000, 0x00000000d8580000, 0x00000000eab00000)
  object space 398848K, 30% used [0x00000000c0000000,0x00000000c7739ac0,0x00000000d8580000)
 Metaspace       used 132950K, capacity 134087K, committed 134400K, reserved 1161216K
  class space    used 21663K, capacity 21974K, committed 22016K, reserved 1048576K
}
Event: 1193,085 GC heap before
{Heap before GC invocations=28 (full 10):
 PSYoungGen      total 273408K, used 7214K [0x00000000eab00000, 0x0000000100000000, 0x0000000100000000)
  eden space 222208K, 0% used [0x00000000eab00000,0x00000000eab00000,0x00000000f8400000)
  from space 51200K, 14% used [0x00000000fce00000,0x00000000fd50b818,0x0000000100000000)
  to   space 63488K, 0% used [0x00000000f8400000,0x00000000f8400000,0x00000000fc200000)
 ParOldGen       total 398848K, used 122086K [0x00000000c0000000, 0x00000000d8580000, 0x00000000eab00000)
  object space 398848K, 30% used [0x00000000c0000000,0x00000000c7739ac0,0x00000000d8580000)
 Metaspace       used 132950K, capacity 134087K, committed 134400K, reserved 1161216K
  class space    used 21663K, capacity 21974K, committed 22016K, reserved 1048576K

