# JRE version: Java(TM) SE Runtime Environment (8.0_77-b03) (build 1.8.0_77-b03)
# Java VM: Java HotSpot(TM) 64-Bit Server VM (25.77-b03 mixed mode linux-amd64 compressed oops)
Heap:
 PSYoungGen      total 325632K, used 23529K [0x00000000eab00000, 0x0000000100000000, 0x0000000100000000)
  eden space 302080K, 0% used [0x00000000eab00000,0x00000000eab00000,0x00000000fd200000)
  from space 23552K, 99% used [0x00000000fd200000,0x00000000fe8fa740,0x00000000fe900000)
  to   space 23552K, 0% used [0x00000000fe900000,0x00000000fe900000,0x0000000100000000)
 ParOldGen       total 349696K, used 43154K [0x00000000c0000000, 0x00000000d5580000, 0x00000000eab00000)
  object space 349696K, 12% used [0x00000000c0000000,0x00000000c2a24ae0,0x00000000d5580000)
 Metaspace       used 75230K, capacity 75792K, committed 75948K, reserved 1112064K
  class space    used 13414K, capacity 13565K, committed 13568K, reserved 1048576K
GC Heap History (10 events):
Event: 21,104 GC heap after
Heap after GC invocations=9 (full 3):
 PSYoungGen      total 220672K, used 64K [0x00000000eab00000, 0x00000000f9f00000, 0x0000000100000000)
  eden space 206848K, 0% used [0x00000000eab00000,0x00000000eab00000,0x00000000f7500000)
  from space 13824K, 0% used [0x00000000f9180000,0x00000000f9190000,0x00000000f9f00000)
  to   space 21504K, 0% used [0x00000000f7500000,0x00000000f7500000,0x00000000f8a00000)
 ParOldGen       total 349696K, used 16197K [0x00000000c0000000, 0x00000000d5580000, 0x00000000eab00000)
  object space 349696K, 4% used [0x00000000c0000000,0x00000000c0fd17c0,0x00000000d5580000)
 Metaspace       used 45167K, capacity 45458K, committed 45568K, reserved 1087488K
  class space    used 8110K, capacity 8170K, committed 8192K, reserved 1048576K
}
Event: 21,104 GC heap before
{Heap before GC invocations=10 (full 4):
 PSYoungGen      total 220672K, used 64K [0x00000000eab00000, 0x00000000f9f00000, 0x0000000100000000)
  eden space 206848K, 0% used [0x00000000eab00000,0x00000000eab00000,0x00000000f7500000)
  from space 13824K, 0% used [0x00000000f9180000,0x00000000f9190000,0x00000000f9f00000)
  to   space 21504K, 0% used [0x00000000f7500000,0x00000000f7500000,0x00000000f8a00000)
 ParOldGen       total 349696K, used 16197K [0x00000000c0000000, 0x00000000d5580000, 0x00000000eab00000)
  object space 349696K, 4% used [0x00000000c0000000,0x00000000c0fd17c0,0x00000000d5580000)
 Metaspace       used 45167K, capacity 45458K, committed 45568K, reserved 1087488K
  class space    used 8110K, capacity 8170K, committed 8192K, reserved 1048576K
Event: 21,165 GC heap after
Heap after GC invocations=10 (full 4):
 PSYoungGen      total 220672K, used 0K [0x00000000eab00000, 0x00000000f9f00000, 0x0000000100000000)
  eden space 206848K, 0% used [0x00000000eab00000,0x00000000eab00000,0x00000000f7500000)
  from space 13824K, 0% used [0x00000000f9180000,0x00000000f9180000,0x00000000f9f00000)
  to   space 21504K, 0% used [0x00000000f7500000,0x00000000f7500000,0x00000000f8a00000)
 ParOldGen       total 349696K, used 14945K [0x00000000c0000000, 0x00000000d5580000, 0x00000000eab00000)
  object space 349696K, 4% used [0x00000000c0000000,0x00000000c0e98778,0x00000000d5580000)
 Metaspace       used 45167K, capacity 45458K, committed 45568K, reserved 1087488K
  class space    used 8110K, capacity 8170K, committed 8192K, reserved 1048576K
}
Event: 30,510 GC heap before
{Heap before GC invocations=11 (full 4):
 PSYoungGen      total 220672K, used 206848K [0x00000000eab00000, 0x00000000f9f00000, 0x0000000100000000)
  eden space 206848K, 100% used [0x00000000eab00000,0x00000000f7500000,0x00000000f7500000)
  from space 13824K, 0% used [0x00000000f9180000,0x00000000f9180000,0x00000000f9f00000)
  to   space 21504K, 0% used [0x00000000f7500000,0x00000000f7500000,0x00000000f8a00000)
 ParOldGen       total 349696K, used 14945K [0x00000000c0000000, 0x00000000d5580000, 0x00000000eab00000)
  object space 349696K, 4% used [0x00000000c0000000,0x00000000c0e98778,0x00000000d5580000)
 Metaspace       used 49831K, capacity 50204K, committed 50432K, reserved 1089536K
  class space    used 9249K, capacity 9347K, committed 9472K, reserved 1048576K
Event: 30,539 GC heap after
Heap after GC invocations=11 (full 4):
 PSYoungGen      total 228352K, used 10342K [0x00000000eab00000, 0x00000000ffe80000, 0x0000000100000000)
  eden space 206848K, 0% used [0x00000000eab00000,0x00000000eab00000,0x00000000f7500000)
  from space 21504K, 48% used [0x00000000f7500000,0x00000000f7f198e8,0x00000000f8a00000)
  to   space 16896K, 0% used [0x00000000fee00000,0x00000000fee00000,0x00000000ffe80000)
 ParOldGen       total 349696K, used 14953K [0x00000000c0000000, 0x00000000d5580000, 0x00000000eab00000)
  object space 349696K, 4% used [0x00000000c0000000,0x00000000c0e9a778,0x00000000d5580000)
 Metaspace       used 49831K, capacity 50204K, committed 50432K, reserved 1089536K
  class space    used 9249K, capacity 9347K, committed 9472K, reserved 1048576K
}
Event: 41,364 GC heap before
{Heap before GC invocations=12 (full 4):
 PSYoungGen      total 228352K, used 217190K [0x00000000eab00000, 0x00000000ffe80000, 0x0000000100000000)
  eden space 206848K, 100% used [0x00000000eab00000,0x00000000f7500000,0x00000000f7500000)
  from space 21504K, 48% used [0x00000000f7500000,0x00000000f7f198e8,0x00000000f8a00000)
  to   space 16896K, 0% used [0x00000000fee00000,0x00000000fee00000,0x00000000ffe80000)
 ParOldGen       total 349696K, used 14953K [0x00000000c0000000, 0x00000000d5580000, 0x00000000eab00000)
  object space 349696K, 4% used [0x00000000c0000000,0x00000000c0e9a778,0x00000000d5580000)
 Metaspace       used 63311K, capacity 63820K, committed 64000K, reserved 1101824K
  class space    used 11556K, capacity 11667K, committed 11776K, reserved 1048576K
Event: 41,411 GC heap after
Heap after GC invocations=12 (full 4):
 PSYoungGen      total 318976K, used 16890K [0x00000000eab00000, 0x0000000100000000, 0x0000000100000000)
  eden space 302080K, 0% used [0x00000000eab00000,0x00000000eab00000,0x00000000fd200000)
  from space 16896K, 99% used [0x00000000fee00000,0x00000000ffe7eac0,0x00000000ffe80000)
  to   space 23552K, 0% used [0x00000000fd200000,0x00000000fd200000,0x00000000fe900000)
 ParOldGen       total 349696K, used 25088K [0x00000000c0000000, 0x00000000d5580000, 0x00000000eab00000)
  object space 349696K, 7% used [0x00000000c0000000,0x00000000c18803c0,0x00000000d5580000)
 Metaspace       used 63311K, capacity 63820K, committed 64000K, reserved 1101824K
  class space    used 11556K, capacity 11667K, committed 11776K, reserved 1048576K
}
Event: 95,404 GC heap before
{Heap before GC invocations=13 (full 4):
 PSYoungGen      total 318976K, used 215003K [0x00000000eab00000, 0x0000000100000000, 0x0000000100000000)
  eden space 302080K, 65% used [0x00000000eab00000,0x00000000f6c783c8,0x00000000fd200000)
  from space 16896K, 99% used [0x00000000fee00000,0x00000000ffe7eac0,0x00000000ffe80000)
  to   space 23552K, 0% used [0x00000000fd200000,0x00000000fd200000,0x00000000fe900000)
 ParOldGen       total 349696K, used 25088K [0x00000000c0000000, 0x00000000d5580000, 0x00000000eab00000)
  object space 349696K, 7% used [0x00000000c0000000,0x00000000c18803c0,0x00000000d5580000)
 Metaspace       used 75230K, capacity 75792K, committed 75948K, reserved 1112064K
  class space    used 13414K, capacity 13565K, committed 13568K, reserved 1048576K
Event: 95,485 GC heap after
Heap after GC invocations=13 (full 4):
 PSYoungGen      total 325632K, used 23529K [0x00000000eab00000, 0x0000000100000000, 0x0000000100000000)
  eden space 302080K, 0% used [0x00000000eab00000,0x00000000eab00000,0x00000000fd200000)
  from space 23552K, 99% used [0x00000000fd200000,0x00000000fe8fa740,0x00000000fe900000)
  to   space 23552K, 0% used [0x00000000fe900000,0x00000000fe900000,0x0000000100000000)
 ParOldGen       total 349696K, used 43154K [0x00000000c0000000, 0x00000000d5580000, 0x00000000eab00000)
  object space 349696K, 12% used [0x00000000c0000000,0x00000000c2a24ae0,0x00000000d5580000)
 Metaspace       used 75230K, capacity 75792K, committed 75948K, reserved 1112064K
  class space    used 13414K, capacity 13565K, committed 13568K, reserved 1048576K
}
Event: 95,485 GC heap before
{Heap before GC invocations=14 (full 5):
 PSYoungGen      total 325632K, used 23529K [0x00000000eab00000, 0x0000000100000000, 0x0000000100000000)
  eden space 302080K, 0% used [0x00000000eab00000,0x00000000eab00000,0x00000000fd200000)
  from space 23552K, 99% used [0x00000000fd200000,0x00000000fe8fa740,0x00000000fe900000)
  to   space 23552K, 0% used [0x00000000fe900000,0x00000000fe900000,0x0000000100000000)
 ParOldGen       total 349696K, used 43154K [0x00000000c0000000, 0x00000000d5580000, 0x00000000eab00000)
  object space 349696K, 12% used [0x00000000c0000000,0x00000000c2a24ae0,0x00000000d5580000)
 Metaspace       used 75230K, capacity 75792K, committed 75948K, reserved 1112064K
  class space    used 13414K, capacity 13565K, committed 13568K, reserved 1048576K

