# JRE version: Java(TM) SE Runtime Environment (8.0_77-b03) (build 1.8.0_77-b03)
# Java VM: Java HotSpot(TM) 64-Bit Server VM (25.77-b03 mixed mode linux-amd64 compressed oops)
Heap:
 PSYoungGen      total 290304K, used 290272K [0x00000000eab00000, 0x0000000100000000, 0x0000000100000000)
  eden space 231936K, 100% used [0x00000000eab00000,0x00000000f8d80000,0x00000000f8d80000)
  from space 58368K, 99% used [0x00000000f8d80000,0x00000000fc6783c0,0x00000000fc680000)
  to   space 58880K, 17% used [0x00000000fc680000,0x00000000fd0bc0c0,0x0000000100000000)
 ParOldGen       total 353280K, used 67874K [0x00000000c0000000, 0x00000000d5900000, 0x00000000eab00000)
  object space 353280K, 19% used [0x00000000c0000000,0x00000000c4248968,0x00000000d5900000)
 Metaspace       used 132610K, capacity 134001K, committed 134272K, reserved 1161216K
  class space    used 21682K, capacity 22049K, committed 22144K, reserved 1048576K
GC Heap History (10 events):
Event: 867,340 GC heap after
Heap after GC invocations=32 (full 11):
 PSYoungGen      total 284672K, used 12019K [0x00000000eab00000, 0x0000000100000000, 0x0000000100000000)
  eden space 223232K, 0% used [0x00000000eab00000,0x00000000eab00000,0x00000000f8500000)
  from space 61440K, 19% used [0x00000000f8500000,0x00000000f90bce90,0x00000000fc100000)
  to   space 58880K, 0% used [0x00000000fc680000,0x00000000fc680000,0x0000000100000000)
 ParOldGen       total 353280K, used 72286K [0x00000000c0000000, 0x00000000d5900000, 0x00000000eab00000)
  object space 353280K, 20% used [0x00000000c0000000,0x00000000c4697940,0x00000000d5900000)
 Metaspace       used 131869K, capacity 133237K, committed 133504K, reserved 1161216K
  class space    used 21706K, capacity 22093K, committed 22144K, reserved 1048576K
}
Event: 867,340 GC heap before
{Heap before GC invocations=33 (full 12):
 PSYoungGen      total 284672K, used 12019K [0x00000000eab00000, 0x0000000100000000, 0x0000000100000000)
  eden space 223232K, 0% used [0x00000000eab00000,0x00000000eab00000,0x00000000f8500000)
  from space 61440K, 19% used [0x00000000f8500000,0x00000000f90bce90,0x00000000fc100000)
  to   space 58880K, 0% used [0x00000000fc680000,0x00000000fc680000,0x0000000100000000)
 ParOldGen       total 353280K, used 72286K [0x00000000c0000000, 0x00000000d5900000, 0x00000000eab00000)
  object space 353280K, 20% used [0x00000000c0000000,0x00000000c4697940,0x00000000d5900000)
 Metaspace       used 131869K, capacity 133237K, committed 133504K, reserved 1161216K
  class space    used 21706K, capacity 22093K, committed 22144K, reserved 1048576K
Event: 867,542 GC heap after
Heap after GC invocations=33 (full 12):
 PSYoungGen      total 284672K, used 0K [0x00000000eab00000, 0x0000000100000000, 0x0000000100000000)
  eden space 223232K, 0% used [0x00000000eab00000,0x00000000eab00000,0x00000000f8500000)
  from space 61440K, 0% used [0x00000000f8500000,0x00000000f8500000,0x00000000fc100000)
  to   space 58880K, 0% used [0x00000000fc680000,0x00000000fc680000,0x0000000100000000)
 ParOldGen       total 353280K, used 68587K [0x00000000c0000000, 0x00000000d5900000, 0x00000000eab00000)
  object space 353280K, 19% used [0x00000000c0000000,0x00000000c42fac60,0x00000000d5900000)
 Metaspace       used 124854K, capacity 125877K, committed 133504K, reserved 1161216K
  class space    used 20434K, capacity 20746K, committed 22144K, reserved 1048576K
}
Event: 867,545 GC heap before
{Heap before GC invocations=34 (full 12):
 PSYoungGen      total 284672K, used 735K [0x00000000eab00000, 0x0000000100000000, 0x0000000100000000)
  eden space 223232K, 0% used [0x00000000eab00000,0x00000000eabb7e58,0x00000000f8500000)
  from space 61440K, 0% used [0x00000000f8500000,0x00000000f8500000,0x00000000fc100000)
  to   space 58880K, 0% used [0x00000000fc680000,0x00000000fc680000,0x0000000100000000)
 ParOldGen       total 353280K, used 68587K [0x00000000c0000000, 0x00000000d5900000, 0x00000000eab00000)
  object space 353280K, 19% used [0x00000000c0000000,0x00000000c42fac60,0x00000000d5900000)
 Metaspace       used 124854K, capacity 125877K, committed 133504K, reserved 1161216K
  class space    used 20434K, capacity 20746K, committed 22144K, reserved 1048576K
Event: 867,548 GC heap after
Heap after GC invocations=34 (full 12):
 PSYoungGen      total 290304K, used 64K [0x00000000eab00000, 0x00000000fff80000, 0x0000000100000000)
  eden space 231936K, 0% used [0x00000000eab00000,0x00000000eab00000,0x00000000f8d80000)
  from space 58368K, 0% used [0x00000000fc680000,0x00000000fc690000,0x00000000fff80000)
  to   space 58368K, 0% used [0x00000000f8d80000,0x00000000f8d80000,0x00000000fc680000)
 ParOldGen       total 353280K, used 68587K [0x00000000c0000000, 0x00000000d5900000, 0x00000000eab00000)
  object space 353280K, 19% used [0x00000000c0000000,0x00000000c42fac60,0x00000000d5900000)
 Metaspace       used 124854K, capacity 125877K, committed 133504K, reserved 1161216K
  class space    used 20434K, capacity 20746K, committed 22144K, reserved 1048576K
}
Event: 867,548 GC heap before
{Heap before GC invocations=35 (full 13):
 PSYoungGen      total 290304K, used 64K [0x00000000eab00000, 0x00000000fff80000, 0x0000000100000000)
  eden space 231936K, 0% used [0x00000000eab00000,0x00000000eab00000,0x00000000f8d80000)
  from space 58368K, 0% used [0x00000000fc680000,0x00000000fc690000,0x00000000fff80000)
  to   space 58368K, 0% used [0x00000000f8d80000,0x00000000f8d80000,0x00000000fc680000)
 ParOldGen       total 353280K, used 68587K [0x00000000c0000000, 0x00000000d5900000, 0x00000000eab00000)
  object space 353280K, 19% used [0x00000000c0000000,0x00000000c42fac60,0x00000000d5900000)
 Metaspace       used 124854K, capacity 125877K, committed 133504K, reserved 1161216K
  class space    used 20434K, capacity 20746K, committed 22144K, reserved 1048576K
Event: 867,697 GC heap after
Heap after GC invocations=35 (full 13):
 PSYoungGen      total 290304K, used 0K [0x00000000eab00000, 0x00000000fff80000, 0x0000000100000000)
  eden space 231936K, 0% used [0x00000000eab00000,0x00000000eab00000,0x00000000f8d80000)
  from space 58368K, 0% used [0x00000000fc680000,0x00000000fc680000,0x00000000fff80000)
  to   space 58368K, 0% used [0x00000000f8d80000,0x00000000f8d80000,0x00000000fc680000)
 ParOldGen       total 353280K, used 65908K [0x00000000c0000000, 0x00000000d5900000, 0x00000000eab00000)
  object space 353280K, 18% used [0x00000000c0000000,0x00000000c405d0e8,0x00000000d5900000)
 Metaspace       used 124854K, capacity 125877K, committed 133504K, reserved 1161216K
  class space    used 20434K, capacity 20746K, committed 22144K, reserved 1048576K
}
Event: 869,412 GC heap before
{Heap before GC invocations=36 (full 13):
 PSYoungGen      total 290304K, used 230541K [0x00000000eab00000, 0x00000000fff80000, 0x0000000100000000)
  eden space 231936K, 99% used [0x00000000eab00000,0x00000000f8c23550,0x00000000f8d80000)
  from space 58368K, 0% used [0x00000000fc680000,0x00000000fc680000,0x00000000fff80000)
  to   space 58368K, 0% used [0x00000000f8d80000,0x00000000f8d80000,0x00000000fc680000)
 ParOldGen       total 353280K, used 65908K [0x00000000c0000000, 0x00000000d5900000, 0x00000000eab00000)
  object space 353280K, 18% used [0x00000000c0000000,0x00000000c405d0e8,0x00000000d5900000)
 Metaspace       used 128735K, capacity 129773K, committed 133504K, reserved 1161216K
  class space    used 21126K, capacity 21465K, committed 22144K, reserved 1048576K
Event: 869,474 GC heap after
Heap after GC invocations=36 (full 13):
 PSYoungGen      total 290304K, used 58336K [0x00000000eab00000, 0x0000000100000000, 0x0000000100000000)
  eden space 231936K, 0% used [0x00000000eab00000,0x00000000eab00000,0x00000000f8d80000)
  from space 58368K, 99% used [0x00000000f8d80000,0x00000000fc6783c0,0x00000000fc680000)
  to   space 58880K, 0% used [0x00000000fc680000,0x00000000fc680000,0x0000000100000000)
 ParOldGen       total 353280K, used 67874K [0x00000000c0000000, 0x00000000d5900000, 0x00000000eab00000)
  object space 353280K, 19% used [0x00000000c0000000,0x00000000c4248968,0x00000000d5900000)
 Metaspace       used 128735K, capacity 129773K, committed 133504K, reserved 1161216K
  class space    used 21126K, capacity 21465K, committed 22144K, reserved 1048576K
}
Event: 1043,014 GC heap before
{Heap before GC invocations=37 (full 13):
 PSYoungGen      total 290304K, used 290272K [0x00000000eab00000, 0x0000000100000000, 0x0000000100000000)
  eden space 231936K, 100% used [0x00000000eab00000,0x00000000f8d80000,0x00000000f8d80000)
  from space 58368K, 99% used [0x00000000f8d80000,0x00000000fc6783c0,0x00000000fc680000)
  to   space 58880K, 0% used [0x00000000fc680000,0x00000000fc680000,0x0000000100000000)
 ParOldGen       total 353280K, used 67874K [0x00000000c0000000, 0x00000000d5900000, 0x00000000eab00000)
  object space 353280K, 19% used [0x00000000c0000000,0x00000000c4248968,0x00000000d5900000)
 Metaspace       used 132610K, capacity 134001K, committed 134272K, reserved 1161216K
  class space    used 21682K, capacity 22049K, committed 22144K, reserved 1048576K

