# JRE version: Java(TM) SE Runtime Environment (8.0_77-b03) (build 1.8.0_77-b03)
# Java VM: Java HotSpot(TM) 64-Bit Server VM (25.77-b03 mixed mode linux-amd64 compressed oops)
Heap:
 PSYoungGen      total 153088K, used 67847K [0x00000000eab00000, 0x00000000f5580000, 0x0000000100000000)
  eden space 131584K, 51% used [0x00000000eab00000,0x00000000eed41de0,0x00000000f2b80000)
  from space 21504K, 0% used [0x00000000f2b80000,0x00000000f2b80000,0x00000000f4080000)
  to   space 21504K, 0% used [0x00000000f4080000,0x00000000f4080000,0x00000000f5580000)
 ParOldGen       total 349696K, used 15400K [0x00000000c0000000, 0x00000000d5580000, 0x00000000eab00000)
  object space 349696K, 4% used [0x00000000c0000000,0x00000000c0f0a010,0x00000000d5580000)
 Metaspace       used 30643K, capacity 30940K, committed 31232K, reserved 1075200K
  class space    used 5273K, capacity 5338K, committed 5376K, reserved 1048576K
GC Heap History (4 events):
Event: 13,915 GC heap before
{Heap before GC invocations=1 (full 0):
 PSYoungGen      total 153088K, used 86880K [0x00000000eab00000, 0x00000000f5580000, 0x0000000100000000)
  eden space 131584K, 66% used [0x00000000eab00000,0x00000000effd80b0,0x00000000f2b80000)
  from space 21504K, 0% used [0x00000000f4080000,0x00000000f4080000,0x00000000f5580000)
  to   space 21504K, 0% used [0x00000000f2b80000,0x00000000f2b80000,0x00000000f4080000)
 ParOldGen       total 349696K, used 0K [0x00000000c0000000, 0x00000000d5580000, 0x00000000eab00000)
  object space 349696K, 0% used [0x00000000c0000000,0x00000000c0000000,0x00000000d5580000)
 Metaspace       used 20895K, capacity 21178K, committed 21296K, reserved 1067008K
  class space    used 3657K, capacity 3686K, committed 3712K, reserved 1048576K
Event: 13,982 GC heap after
Heap after GC invocations=1 (full 0):
 PSYoungGen      total 153088K, used 16169K [0x00000000eab00000, 0x00000000f5580000, 0x0000000100000000)
  eden space 131584K, 0% used [0x00000000eab00000,0x00000000eab00000,0x00000000f2b80000)
  from space 21504K, 75% used [0x00000000f2b80000,0x00000000f3b4a7f0,0x00000000f4080000)
  to   space 21504K, 0% used [0x00000000f4080000,0x00000000f4080000,0x00000000f5580000)
 ParOldGen       total 349696K, used 16K [0x00000000c0000000, 0x00000000d5580000, 0x00000000eab00000)
  object space 349696K, 0% used [0x00000000c0000000,0x00000000c0004000,0x00000000d5580000)
 Metaspace       used 20895K, capacity 21178K, committed 21296K, reserved 1067008K
  class space    used 3657K, capacity 3686K, committed 3712K, reserved 1048576K
}
Event: 13,982 GC heap before
{Heap before GC invocations=2 (full 1):
 PSYoungGen      total 153088K, used 16169K [0x00000000eab00000, 0x00000000f5580000, 0x0000000100000000)
  eden space 131584K, 0% used [0x00000000eab00000,0x00000000eab00000,0x00000000f2b80000)
  from space 21504K, 75% used [0x00000000f2b80000,0x00000000f3b4a7f0,0x00000000f4080000)
  to   space 21504K, 0% used [0x00000000f4080000,0x00000000f4080000,0x00000000f5580000)
 ParOldGen       total 349696K, used 16K [0x00000000c0000000, 0x00000000d5580000, 0x00000000eab00000)
  object space 349696K, 0% used [0x00000000c0000000,0x00000000c0004000,0x00000000d5580000)
 Metaspace       used 20895K, capacity 21178K, committed 21296K, reserved 1067008K
  class space    used 3657K, capacity 3686K, committed 3712K, reserved 1048576K
Event: 14,102 GC heap after
Heap after GC invocations=2 (full 1):
 PSYoungGen      total 153088K, used 0K [0x00000000eab00000, 0x00000000f5580000, 0x0000000100000000)
  eden space 131584K, 0% used [0x00000000eab00000,0x00000000eab00000,0x00000000f2b80000)
  from space 21504K, 0% used [0x00000000f2b80000,0x00000000f2b80000,0x00000000f4080000)
  to   space 21504K, 0% used [0x00000000f4080000,0x00000000f4080000,0x00000000f5580000)
 ParOldGen       total 349696K, used 15400K [0x00000000c0000000, 0x00000000d5580000, 0x00000000eab00000)
  object space 349696K, 4% used [0x00000000c0000000,0x00000000c0f0a010,0x00000000d5580000)
 Metaspace       used 20895K, capacity 21178K, committed 21296K, reserved 1067008K
  class space    used 3657K, capacity 3686K, committed 3712K, reserved 1048576K
}

