# JRE version: Java(TM) SE Runtime Environment (8.0_77-b03) (build 1.8.0_77-b03)
# Java VM: Java HotSpot(TM) 64-Bit Server VM (25.77-b03 mixed mode linux-amd64 compressed oops)
Heap:
 PSYoungGen      total 278528K, used 23538K [0x00000000eab00000, 0x00000000fee00000, 0x0000000100000000)
  eden space 254976K, 0% used [0x00000000eab00000,0x00000000eab00000,0x00000000fa400000)
  from space 23552K, 99% used [0x00000000fc180000,0x00000000fd87cb40,0x00000000fd880000)
  to   space 30208K, 0% used [0x00000000fa400000,0x00000000fa400000,0x00000000fc180000)
 ParOldGen       total 349696K, used 28180K [0x00000000c0000000, 0x00000000d5580000, 0x00000000eab00000)
  object space 349696K, 8% used [0x00000000c0000000,0x00000000c1b85090,0x00000000d5580000)
 Metaspace       used 58551K, capacity 58982K, committed 59096K, reserved 1097728K
  class space    used 11077K, capacity 11183K, committed 11264K, reserved 1048576K
GC Heap History (10 events):
Event: 9,692 GC heap after
Heap after GC invocations=4 (full 2):
 PSYoungGen      total 153088K, used 0K [0x00000000eab00000, 0x00000000f5580000, 0x0000000100000000)
  eden space 131584K, 0% used [0x00000000eab00000,0x00000000eab00000,0x00000000f2b80000)
  from space 21504K, 0% used [0x00000000f4080000,0x00000000f4080000,0x00000000f5580000)
  to   space 21504K, 0% used [0x00000000f2b80000,0x00000000f2b80000,0x00000000f4080000)
 ParOldGen       total 349696K, used 18597K [0x00000000c0000000, 0x00000000d5580000, 0x00000000eab00000)
  object space 349696K, 5% used [0x00000000c0000000,0x00000000c12296d8,0x00000000d5580000)
 Metaspace       used 34931K, capacity 35238K, committed 35456K, reserved 1079296K
  class space    used 6319K, capacity 6408K, committed 6528K, reserved 1048576K
}
Event: 12,852 GC heap before
{Heap before GC invocations=5 (full 2):
 PSYoungGen      total 153088K, used 131584K [0x00000000eab00000, 0x00000000f5580000, 0x0000000100000000)
  eden space 131584K, 100% used [0x00000000eab00000,0x00000000f2b80000,0x00000000f2b80000)
  from space 21504K, 0% used [0x00000000f4080000,0x00000000f4080000,0x00000000f5580000)
  to   space 21504K, 0% used [0x00000000f2b80000,0x00000000f2b80000,0x00000000f4080000)
 ParOldGen       total 349696K, used 18597K [0x00000000c0000000, 0x00000000d5580000, 0x00000000eab00000)
  object space 349696K, 5% used [0x00000000c0000000,0x00000000c12296d8,0x00000000d5580000)
 Metaspace       used 40880K, capacity 41214K, committed 41344K, reserved 1083392K
  class space    used 7712K, capacity 7760K, committed 7808K, reserved 1048576K
Event: 12,866 GC heap after
Heap after GC invocations=5 (full 2):
 PSYoungGen      total 153088K, used 12453K [0x00000000eab00000, 0x00000000f7e80000, 0x0000000100000000)
  eden space 131584K, 0% used [0x00000000eab00000,0x00000000eab00000,0x00000000f2b80000)
  from space 21504K, 57% used [0x00000000f2b80000,0x00000000f37a9628,0x00000000f4080000)
  to   space 21504K, 0% used [0x00000000f6980000,0x00000000f6980000,0x00000000f7e80000)
 ParOldGen       total 349696K, used 18605K [0x00000000c0000000, 0x00000000d5580000, 0x00000000eab00000)
  object space 349696K, 5% used [0x00000000c0000000,0x00000000c122b6d8,0x00000000d5580000)
 Metaspace       used 40880K, capacity 41214K, committed 41344K, reserved 1083392K
  class space    used 7712K, capacity 7760K, committed 7808K, reserved 1048576K
}
Event: 14,152 GC heap before
{Heap before GC invocations=6 (full 2):
 PSYoungGen      total 153088K, used 144037K [0x00000000eab00000, 0x00000000f7e80000, 0x0000000100000000)
  eden space 131584K, 100% used [0x00000000eab00000,0x00000000f2b80000,0x00000000f2b80000)
  from space 21504K, 57% used [0x00000000f2b80000,0x00000000f37a9628,0x00000000f4080000)
  to   space 21504K, 0% used [0x00000000f6980000,0x00000000f6980000,0x00000000f7e80000)
 ParOldGen       total 349696K, used 18605K [0x00000000c0000000, 0x00000000d5580000, 0x00000000eab00000)
  object space 349696K, 5% used [0x00000000c0000000,0x00000000c122b6d8,0x00000000d5580000)
 Metaspace       used 43826K, capacity 44214K, committed 44288K, reserved 1085440K
  class space    used 8599K, capacity 8671K, committed 8704K, reserved 1048576K
Event: 14,180 GC heap after
Heap after GC invocations=6 (full 2):
 PSYoungGen      total 195072K, used 15531K [0x00000000eab00000, 0x00000000f9680000, 0x0000000100000000)
  eden space 173568K, 0% used [0x00000000eab00000,0x00000000eab00000,0x00000000f5480000)
  from space 21504K, 72% used [0x00000000f6980000,0x00000000f78aacc8,0x00000000f7e80000)
  to   space 21504K, 0% used [0x00000000f5480000,0x00000000f5480000,0x00000000f6980000)
 ParOldGen       total 349696K, used 18613K [0x00000000c0000000, 0x00000000d5580000, 0x00000000eab00000)
  object space 349696K, 5% used [0x00000000c0000000,0x00000000c122d6d8,0x00000000d5580000)
 Metaspace       used 43826K, capacity 44214K, committed 44288K, reserved 1085440K
  class space    used 8599K, capacity 8671K, committed 8704K, reserved 1048576K
}
Event: 18,118 GC heap before
{Heap before GC invocations=7 (full 2):
 PSYoungGen      total 195072K, used 189099K [0x00000000eab00000, 0x00000000f9680000, 0x0000000100000000)
  eden space 173568K, 100% used [0x00000000eab00000,0x00000000f5480000,0x00000000f5480000)
  from space 21504K, 72% used [0x00000000f6980000,0x00000000f78aacc8,0x00000000f7e80000)
  to   space 21504K, 0% used [0x00000000f5480000,0x00000000f5480000,0x00000000f6980000)
 ParOldGen       total 349696K, used 18613K [0x00000000c0000000, 0x00000000d5580000, 0x00000000eab00000)
  object space 349696K, 5% used [0x00000000c0000000,0x00000000c122d6d8,0x00000000d5580000)
 Metaspace       used 49251K, capacity 49638K, committed 49920K, reserved 1089536K
  class space    used 9558K, capacity 9647K, committed 9728K, reserved 1048576K
Event: 18,151 GC heap after
Heap after GC invocations=7 (full 2):
 PSYoungGen      total 195072K, used 21494K [0x00000000eab00000, 0x00000000fd880000, 0x0000000100000000)
  eden space 173568K, 0% used [0x00000000eab00000,0x00000000eab00000,0x00000000f5480000)
  from space 21504K, 99% used [0x00000000f5480000,0x00000000f697da60,0x00000000f6980000)
  to   space 23552K, 0% used [0x00000000fc180000,0x00000000fc180000,0x00000000fd880000)
 ParOldGen       total 349696K, used 21903K [0x00000000c0000000, 0x00000000d5580000, 0x00000000eab00000)
  object space 349696K, 6% used [0x00000000c0000000,0x00000000c1563e98,0x00000000d5580000)
 Metaspace       used 49251K, capacity 49638K, committed 49920K, reserved 1089536K
  class space    used 9558K, capacity 9647K, committed 9728K, reserved 1048576K
}
Event: 20,538 GC heap before
{Heap before GC invocations=8 (full 2):
 PSYoungGen      total 195072K, used 123321K [0x00000000eab00000, 0x00000000fd880000, 0x0000000100000000)
  eden space 173568K, 58% used [0x00000000eab00000,0x00000000f0e70a10,0x00000000f5480000)
  from space 21504K, 99% used [0x00000000f5480000,0x00000000f697da60,0x00000000f6980000)
  to   space 23552K, 0% used [0x00000000fc180000,0x00000000fc180000,0x00000000fd880000)
 ParOldGen       total 349696K, used 21903K [0x00000000c0000000, 0x00000000d5580000, 0x00000000eab00000)
  object space 349696K, 6% used [0x00000000c0000000,0x00000000c1563e98,0x00000000d5580000)
 Metaspace       used 58551K, capacity 58982K, committed 59096K, reserved 1097728K
  class space    used 11077K, capacity 11183K, committed 11264K, reserved 1048576K
Event: 20,574 GC heap after
Heap after GC invocations=8 (full 2):
 PSYoungGen      total 278528K, used 23538K [0x00000000eab00000, 0x00000000fee00000, 0x0000000100000000)
  eden space 254976K, 0% used [0x00000000eab00000,0x00000000eab00000,0x00000000fa400000)
  from space 23552K, 99% used [0x00000000fc180000,0x00000000fd87cb40,0x00000000fd880000)
  to   space 30208K, 0% used [0x00000000fa400000,0x00000000fa400000,0x00000000fc180000)
 ParOldGen       total 349696K, used 28180K [0x00000000c0000000, 0x00000000d5580000, 0x00000000eab00000)
  object space 349696K, 8% used [0x00000000c0000000,0x00000000c1b85090,0x00000000d5580000)
 Metaspace       used 58551K, capacity 58982K, committed 59096K, reserved 1097728K
  class space    used 11077K, capacity 11183K, committed 11264K, reserved 1048576K
}
Event: 20,574 GC heap before
{Heap before GC invocations=9 (full 3):
 PSYoungGen      total 278528K, used 23538K [0x00000000eab00000, 0x00000000fee00000, 0x0000000100000000)
  eden space 254976K, 0% used [0x00000000eab00000,0x00000000eab00000,0x00000000fa400000)
  from space 23552K, 99% used [0x00000000fc180000,0x00000000fd87cb40,0x00000000fd880000)
  to   space 30208K, 0% used [0x00000000fa400000,0x00000000fa400000,0x00000000fc180000)
 ParOldGen       total 349696K, used 28180K [0x00000000c0000000, 0x00000000d5580000, 0x00000000eab00000)
  object space 349696K, 8% used [0x00000000c0000000,0x00000000c1b85090,0x00000000d5580000)
 Metaspace       used 58551K, capacity 58982K, committed 59096K, reserved 1097728K
  class space    used 11077K, capacity 11183K, committed 11264K, reserved 1048576K

