# JRE version: Java(TM) SE Runtime Environment (8.0_77-b03) (build 1.8.0_77-b03)
# Java VM: Java HotSpot(TM) 64-Bit Server VM (25.77-b03 mixed mode linux-amd64 compressed oops)
Heap:
 PSYoungGen      total 264704K, used 96K [0x00000000eab00000, 0x0000000100000000, 0x0000000100000000)
  eden space 264192K, 0% used [0x00000000eab00000,0x00000000eab00000,0x00000000fad00000)
  from space 512K, 18% used [0x00000000fad00000,0x00000000fad18000,0x00000000fad80000)
  to   space 43008K, 0% used [0x00000000fd600000,0x00000000fd600000,0x0000000100000000)
 ParOldGen       total 483328K, used 74163K [0x00000000c0000000, 0x00000000dd800000, 0x00000000eab00000)
  object space 483328K, 15% used [0x00000000c0000000,0x00000000c486cde8,0x00000000dd800000)
 Metaspace       used 96948K, capacity 97856K, committed 104448K, reserved 1136640K
  class space    used 16521K, capacity 16801K, committed 17920K, reserved 1048576K
GC Heap History (10 events):
Event: 49,735 GC heap after
Heap after GC invocations=15 (full 5):
 PSYoungGen      total 309248K, used 0K [0x00000000eab00000, 0x0000000100000000, 0x0000000100000000)
  eden space 276480K, 0% used [0x00000000eab00000,0x00000000eab00000,0x00000000fb900000)
  from space 32768K, 0% used [0x00000000fe000000,0x00000000fe000000,0x0000000100000000)
  to   space 36352K, 0% used [0x00000000fb900000,0x00000000fb900000,0x00000000fdc80000)
 ParOldGen       total 483328K, used 48578K [0x00000000c0000000, 0x00000000dd800000, 0x00000000eab00000)
  object space 483328K, 10% used [0x00000000c0000000,0x00000000c2f70848,0x00000000dd800000)
 Metaspace       used 72141K, capacity 72680K, committed 75948K, reserved 1112064K
  class space    used 12831K, capacity 12977K, committed 13568K, reserved 1048576K
}
Event: 59,346 GC heap before
{Heap before GC invocations=16 (full 5):
 PSYoungGen      total 309248K, used 276480K [0x00000000eab00000, 0x0000000100000000, 0x0000000100000000)
  eden space 276480K, 100% used [0x00000000eab00000,0x00000000fb900000,0x00000000fb900000)
  from space 32768K, 0% used [0x00000000fe000000,0x00000000fe000000,0x0000000100000000)
  to   space 36352K, 0% used [0x00000000fb900000,0x00000000fb900000,0x00000000fdc80000)
 ParOldGen       total 483328K, used 48578K [0x00000000c0000000, 0x00000000dd800000, 0x00000000eab00000)
  object space 483328K, 10% used [0x00000000c0000000,0x00000000c2f70848,0x00000000dd800000)
 Metaspace       used 89314K, capacity 90192K, committed 90624K, reserved 1124352K
  class space    used 15342K, capacity 15552K, committed 15616K, reserved 1048576K
Event: 59,383 GC heap after
Heap after GC invocations=16 (full 5):
 PSYoungGen      total 299008K, used 22220K [0x00000000eab00000, 0x0000000100000000, 0x0000000100000000)
  eden space 276480K, 0% used [0x00000000eab00000,0x00000000eab00000,0x00000000fb900000)
  from space 22528K, 98% used [0x00000000fb900000,0x00000000fceb30e8,0x00000000fcf00000)
  to   space 36864K, 0% used [0x00000000fdc00000,0x00000000fdc00000,0x0000000100000000)
 ParOldGen       total 483328K, used 48586K [0x00000000c0000000, 0x00000000dd800000, 0x00000000eab00000)
  object space 483328K, 10% used [0x00000000c0000000,0x00000000c2f72848,0x00000000dd800000)
 Metaspace       used 89314K, capacity 90192K, committed 90624K, reserved 1124352K
  class space    used 15342K, capacity 15552K, committed 15616K, reserved 1048576K
}
Event: 252,438 GC heap before
{Heap before GC invocations=17 (full 5):
 PSYoungGen      total 299008K, used 239150K [0x00000000eab00000, 0x0000000100000000, 0x0000000100000000)
  eden space 276480K, 78% used [0x00000000eab00000,0x00000000f7ed8860,0x00000000fb900000)
  from space 22528K, 98% used [0x00000000fb900000,0x00000000fceb30e8,0x00000000fcf00000)
  to   space 36864K, 0% used [0x00000000fdc00000,0x00000000fdc00000,0x0000000100000000)
 ParOldGen       total 483328K, used 48586K [0x00000000c0000000, 0x00000000dd800000, 0x00000000eab00000)
  object space 483328K, 10% used [0x00000000c0000000,0x00000000c2f72848,0x00000000dd800000)
 Metaspace       used 102922K, capacity 104006K, committed 104448K, reserved 1136640K
  class space    used 17557K, capacity 17847K, committed 17920K, reserved 1048576K
Event: 252,505 GC heap after
Heap after GC invocations=17 (full 5):
 PSYoungGen      total 301056K, used 36838K [0x00000000eab00000, 0x0000000100000000, 0x0000000100000000)
  eden space 264192K, 0% used [0x00000000eab00000,0x00000000eab00000,0x00000000fad00000)
  from space 36864K, 99% used [0x00000000fdc00000,0x00000000ffff9950,0x0000000100000000)
  to   space 42496K, 0% used [0x00000000fad00000,0x00000000fad00000,0x00000000fd680000)
 ParOldGen       total 483328K, used 49212K [0x00000000c0000000, 0x00000000dd800000, 0x00000000eab00000)
  object space 483328K, 10% used [0x00000000c0000000,0x00000000c300f3e8,0x00000000dd800000)
 Metaspace       used 102922K, capacity 104006K, committed 104448K, reserved 1136640K
  class space    used 17557K, capacity 17847K, committed 17920K, reserved 1048576K
}
Event: 252,505 GC heap before
{Heap before GC invocations=18 (full 6):
 PSYoungGen      total 301056K, used 36838K [0x00000000eab00000, 0x0000000100000000, 0x0000000100000000)
  eden space 264192K, 0% used [0x00000000eab00000,0x00000000eab00000,0x00000000fad00000)
  from space 36864K, 99% used [0x00000000fdc00000,0x00000000ffff9950,0x0000000100000000)
  to   space 42496K, 0% used [0x00000000fad00000,0x00000000fad00000,0x00000000fd680000)
 ParOldGen       total 483328K, used 49212K [0x00000000c0000000, 0x00000000dd800000, 0x00000000eab00000)
  object space 483328K, 10% used [0x00000000c0000000,0x00000000c300f3e8,0x00000000dd800000)
 Metaspace       used 102922K, capacity 104006K, committed 104448K, reserved 1136640K
  class space    used 17557K, capacity 17847K, committed 17920K, reserved 1048576K
Event: 252,993 GC heap after
Heap after GC invocations=18 (full 6):
 PSYoungGen      total 301056K, used 0K [0x00000000eab00000, 0x0000000100000000, 0x0000000100000000)
  eden space 264192K, 0% used [0x00000000eab00000,0x00000000eab00000,0x00000000fad00000)
  from space 36864K, 0% used [0x00000000fdc00000,0x00000000fdc00000,0x0000000100000000)
  to   space 42496K, 0% used [0x00000000fad00000,0x00000000fad00000,0x00000000fd680000)
 ParOldGen       total 483328K, used 74163K [0x00000000c0000000, 0x00000000dd800000, 0x00000000eab00000)
  object space 483328K, 15% used [0x00000000c0000000,0x00000000c486cde8,0x00000000dd800000)
 Metaspace       used 96948K, capacity 97856K, committed 104448K, reserved 1136640K
  class space    used 16521K, capacity 16801K, committed 17920K, reserved 1048576K
}
Event: 252,993 GC heap before
{Heap before GC invocations=19 (full 6):
 PSYoungGen      total 301056K, used 1107K [0x00000000eab00000, 0x0000000100000000, 0x0000000100000000)
  eden space 264192K, 0% used [0x00000000eab00000,0x00000000eac14c88,0x00000000fad00000)
  from space 36864K, 0% used [0x00000000fdc00000,0x00000000fdc00000,0x0000000100000000)
  to   space 42496K, 0% used [0x00000000fad00000,0x00000000fad00000,0x00000000fd680000)
 ParOldGen       total 483328K, used 74163K [0x00000000c0000000, 0x00000000dd800000, 0x00000000eab00000)
  object space 483328K, 15% used [0x00000000c0000000,0x00000000c486cde8,0x00000000dd800000)
 Metaspace       used 96948K, capacity 97856K, committed 104448K, reserved 1136640K
  class space    used 16521K, capacity 16801K, committed 17920K, reserved 1048576K
Event: 253,001 GC heap after
Heap after GC invocations=19 (full 6):
 PSYoungGen      total 264704K, used 96K [0x00000000eab00000, 0x0000000100000000, 0x0000000100000000)
  eden space 264192K, 0% used [0x00000000eab00000,0x00000000eab00000,0x00000000fad00000)
  from space 512K, 18% used [0x00000000fad00000,0x00000000fad18000,0x00000000fad80000)
  to   space 43008K, 0% used [0x00000000fd600000,0x00000000fd600000,0x0000000100000000)
 ParOldGen       total 483328K, used 74163K [0x00000000c0000000, 0x00000000dd800000, 0x00000000eab00000)
  object space 483328K, 15% used [0x00000000c0000000,0x00000000c486cde8,0x00000000dd800000)
 Metaspace       used 96948K, capacity 97856K, committed 104448K, reserved 1136640K
  class space    used 16521K, capacity 16801K, committed 17920K, reserved 1048576K
}
Event: 253,001 GC heap before
{Heap before GC invocations=20 (full 7):
 PSYoungGen      total 264704K, used 96K [0x00000000eab00000, 0x0000000100000000, 0x0000000100000000)
  eden space 264192K, 0% used [0x00000000eab00000,0x00000000eab00000,0x00000000fad00000)
  from space 512K, 18% used [0x00000000fad00000,0x00000000fad18000,0x00000000fad80000)
  to   space 43008K, 0% used [0x00000000fd600000,0x00000000fd600000,0x0000000100000000)
 ParOldGen       total 483328K, used 74163K [0x00000000c0000000, 0x00000000dd800000, 0x00000000eab00000)
  object space 483328K, 15% used [0x00000000c0000000,0x00000000c486cde8,0x00000000dd800000)
 Metaspace       used 96948K, capacity 97856K, committed 104448K, reserved 1136640K
  class space    used 16521K, capacity 16801K, committed 17920K, reserved 1048576K

