# JRE version: Java(TM) SE Runtime Environment (8.0_77-b03) (build 1.8.0_77-b03)
# Java VM: Java HotSpot(TM) 64-Bit Server VM (25.77-b03 mixed mode linux-amd64 compressed oops)
Heap:
 PSYoungGen      total 153088K, used 132257K [0x00000000eab00000, 0x00000000f9080000, 0x0000000100000000)
  eden space 131584K, 84% used [0x00000000eab00000,0x00000000f1763518,0x00000000f2b80000)
  from space 21504K, 98% used [0x00000000f2b80000,0x00000000f4045298,0x00000000f4080000)
  to   space 22528K, 98% used [0x00000000f7a80000,0x00000000f9036a50,0x00000000f9080000)
 ParOldGen       total 349696K, used 14287K [0x00000000c0000000, 0x00000000d5580000, 0x00000000eab00000)
  object space 349696K, 4% used [0x00000000c0000000,0x00000000c0df3cf8,0x00000000d5580000)
 Metaspace       used 67051K, capacity 67624K, committed 67840K, reserved 1103872K
  class space    used 12344K, capacity 12513K, committed 12544K, reserved 1048576K
GC Heap History (10 events):
Event: 17,011 GC heap after
Heap after GC invocations=7 (full 3):
 PSYoungGen      total 153088K, used 64K [0x00000000eab00000, 0x00000000f5580000, 0x0000000100000000)
  eden space 131584K, 0% used [0x00000000eab00000,0x00000000eab00000,0x00000000f2b80000)
  from space 21504K, 0% used [0x00000000f4080000,0x00000000f4090000,0x00000000f5580000)
  to   space 21504K, 0% used [0x00000000f2b80000,0x00000000f2b80000,0x00000000f4080000)
 ParOldGen       total 349696K, used 17802K [0x00000000c0000000, 0x00000000d5580000, 0x00000000eab00000)
  object space 349696K, 5% used [0x00000000c0000000,0x00000000c1162950,0x00000000d5580000)
 Metaspace       used 40202K, capacity 40454K, committed 40704K, reserved 1083392K
  class space    used 7624K, capacity 7656K, committed 7680K, reserved 1048576K
}
Event: 17,011 GC heap before
{Heap before GC invocations=8 (full 4):
 PSYoungGen      total 153088K, used 64K [0x00000000eab00000, 0x00000000f5580000, 0x0000000100000000)
  eden space 131584K, 0% used [0x00000000eab00000,0x00000000eab00000,0x00000000f2b80000)
  from space 21504K, 0% used [0x00000000f4080000,0x00000000f4090000,0x00000000f5580000)
  to   space 21504K, 0% used [0x00000000f2b80000,0x00000000f2b80000,0x00000000f4080000)
 ParOldGen       total 349696K, used 17802K [0x00000000c0000000, 0x00000000d5580000, 0x00000000eab00000)
  object space 349696K, 5% used [0x00000000c0000000,0x00000000c1162950,0x00000000d5580000)
 Metaspace       used 40202K, capacity 40454K, committed 40704K, reserved 1083392K
  class space    used 7624K, capacity 7656K, committed 7680K, reserved 1048576K
Event: 17,069 GC heap after
Heap after GC invocations=8 (full 4):
 PSYoungGen      total 153088K, used 0K [0x00000000eab00000, 0x00000000f5580000, 0x0000000100000000)
  eden space 131584K, 0% used [0x00000000eab00000,0x00000000eab00000,0x00000000f2b80000)
  from space 21504K, 0% used [0x00000000f4080000,0x00000000f4080000,0x00000000f5580000)
  to   space 21504K, 0% used [0x00000000f2b80000,0x00000000f2b80000,0x00000000f4080000)
 ParOldGen       total 349696K, used 14263K [0x00000000c0000000, 0x00000000d5580000, 0x00000000eab00000)
  object space 349696K, 4% used [0x00000000c0000000,0x00000000c0dedcf8,0x00000000d5580000)
 Metaspace       used 40202K, capacity 40454K, committed 40704K, reserved 1083392K
  class space    used 7624K, capacity 7656K, committed 7680K, reserved 1048576K
}
Event: 20,234 GC heap before
{Heap before GC invocations=9 (full 4):
 PSYoungGen      total 153088K, used 131584K [0x00000000eab00000, 0x00000000f5580000, 0x0000000100000000)
  eden space 131584K, 100% used [0x00000000eab00000,0x00000000f2b80000,0x00000000f2b80000)
  from space 21504K, 0% used [0x00000000f4080000,0x00000000f4080000,0x00000000f5580000)
  to   space 21504K, 0% used [0x00000000f2b80000,0x00000000f2b80000,0x00000000f4080000)
 ParOldGen       total 349696K, used 14263K [0x00000000c0000000, 0x00000000d5580000, 0x00000000eab00000)
  object space 349696K, 4% used [0x00000000c0000000,0x00000000c0dedcf8,0x00000000d5580000)
 Metaspace       used 43842K, capacity 44176K, committed 44288K, reserved 1085440K
  class space    used 8569K, capacity 8641K, committed 8704K, reserved 1048576K
Event: 20,243 GC heap after
Heap after GC invocations=9 (full 4):
 PSYoungGen      total 153088K, used 9604K [0x00000000eab00000, 0x00000000f5580000, 0x0000000100000000)
  eden space 131584K, 0% used [0x00000000eab00000,0x00000000eab00000,0x00000000f2b80000)
  from space 21504K, 44% used [0x00000000f2b80000,0x00000000f34e1298,0x00000000f4080000)
  to   space 21504K, 0% used [0x00000000f4080000,0x00000000f4080000,0x00000000f5580000)
 ParOldGen       total 349696K, used 14271K [0x00000000c0000000, 0x00000000d5580000, 0x00000000eab00000)
  object space 349696K, 4% used [0x00000000c0000000,0x00000000c0defcf8,0x00000000d5580000)
 Metaspace       used 43842K, capacity 44176K, committed 44288K, reserved 1085440K
  class space    used 8569K, capacity 8641K, committed 8704K, reserved 1048576K
}
Event: 21,395 GC heap before
{Heap before GC invocations=10 (full 4):
 PSYoungGen      total 153088K, used 141188K [0x00000000eab00000, 0x00000000f5580000, 0x0000000100000000)
  eden space 131584K, 100% used [0x00000000eab00000,0x00000000f2b80000,0x00000000f2b80000)
  from space 21504K, 44% used [0x00000000f2b80000,0x00000000f34e1298,0x00000000f4080000)
  to   space 21504K, 0% used [0x00000000f4080000,0x00000000f4080000,0x00000000f5580000)
 ParOldGen       total 349696K, used 14271K [0x00000000c0000000, 0x00000000d5580000, 0x00000000eab00000)
  object space 349696K, 4% used [0x00000000c0000000,0x00000000c0defcf8,0x00000000d5580000)
 Metaspace       used 47960K, capacity 48304K, committed 48640K, reserved 1089536K
  class space    used 9308K, capacity 9377K, committed 9472K, reserved 1048576K
Event: 21,409 GC heap after
Heap after GC invocations=10 (full 4):
 PSYoungGen      total 153088K, used 10702K [0x00000000eab00000, 0x00000000f8e00000, 0x0000000100000000)
  eden space 131584K, 0% used [0x00000000eab00000,0x00000000eab00000,0x00000000f2b80000)
  from space 21504K, 49% used [0x00000000f4080000,0x00000000f4af39e8,0x00000000f5580000)
  to   space 21504K, 0% used [0x00000000f2b80000,0x00000000f2b80000,0x00000000f4080000)
 ParOldGen       total 349696K, used 14279K [0x00000000c0000000, 0x00000000d5580000, 0x00000000eab00000)
  object space 349696K, 4% used [0x00000000c0000000,0x00000000c0df1cf8,0x00000000d5580000)
 Metaspace       used 47960K, capacity 48304K, committed 48640K, reserved 1089536K
  class space    used 9308K, capacity 9377K, committed 9472K, reserved 1048576K
}
Event: 25,483 GC heap before
{Heap before GC invocations=11 (full 4):
 PSYoungGen      total 153088K, used 142286K [0x00000000eab00000, 0x00000000f8e00000, 0x0000000100000000)
  eden space 131584K, 100% used [0x00000000eab00000,0x00000000f2b80000,0x00000000f2b80000)
  from space 21504K, 49% used [0x00000000f4080000,0x00000000f4af39e8,0x00000000f5580000)
  to   space 21504K, 0% used [0x00000000f2b80000,0x00000000f2b80000,0x00000000f4080000)
 ParOldGen       total 349696K, used 14279K [0x00000000c0000000, 0x00000000d5580000, 0x00000000eab00000)
  object space 349696K, 4% used [0x00000000c0000000,0x00000000c0df1cf8,0x00000000d5580000)
 Metaspace       used 55559K, capacity 56000K, committed 56064K, reserved 1095680K
  class space    used 10622K, capacity 10705K, committed 10752K, reserved 1048576K
Event: 25,506 GC heap after
Heap after GC invocations=11 (full 4):
 PSYoungGen      total 153088K, used 21268K [0x00000000eab00000, 0x00000000f9080000, 0x0000000100000000)
  eden space 131584K, 0% used [0x00000000eab00000,0x00000000eab00000,0x00000000f2b80000)
  from space 21504K, 98% used [0x00000000f2b80000,0x00000000f4045298,0x00000000f4080000)
  to   space 22528K, 0% used [0x00000000f7a80000,0x00000000f7a80000,0x00000000f9080000)
 ParOldGen       total 349696K, used 14287K [0x00000000c0000000, 0x00000000d5580000, 0x00000000eab00000)
  object space 349696K, 4% used [0x00000000c0000000,0x00000000c0df3cf8,0x00000000d5580000)
 Metaspace       used 55559K, capacity 56000K, committed 56064K, reserved 1095680K
  class space    used 10622K, capacity 10705K, committed 10752K, reserved 1048576K
}
Event: 33,921 GC heap before
{Heap before GC invocations=12 (full 4):
 PSYoungGen      total 153088K, used 132257K [0x00000000eab00000, 0x00000000f9080000, 0x0000000100000000)
  eden space 131584K, 84% used [0x00000000eab00000,0x00000000f1763518,0x00000000f2b80000)
  from space 21504K, 98% used [0x00000000f2b80000,0x00000000f4045298,0x00000000f4080000)
  to   space 22528K, 0% used [0x00000000f7a80000,0x00000000f7a80000,0x00000000f9080000)
 ParOldGen       total 349696K, used 14287K [0x00000000c0000000, 0x00000000d5580000, 0x00000000eab00000)
  object space 349696K, 4% used [0x00000000c0000000,0x00000000c0df3cf8,0x00000000d5580000)
 Metaspace       used 67051K, capacity 67624K, committed 67840K, reserved 1103872K
  class space    used 12344K, capacity 12513K, committed 12544K, reserved 1048576K

