# JRE version: Java(TM) SE Runtime Environment (8.0_77-b03) (build 1.8.0_77-b03)
# Java VM: Java HotSpot(TM) 64-Bit Server VM (25.77-b03 mixed mode linux-amd64 compressed oops)
Heap:
 PSYoungGen      total 273408K, used 64K [0x00000000eab00000, 0x00000000fdf80000, 0x0000000100000000)
  eden space 232448K, 0% used [0x00000000eab00000,0x00000000eab00000,0x00000000f8e00000)
  from space 40960K, 0% used [0x00000000fb680000,0x00000000fb690000,0x00000000fde80000)
  to   space 41472K, 0% used [0x00000000f8e00000,0x00000000f8e00000,0x00000000fb680000)
 ParOldGen       total 349696K, used 67001K [0x00000000c0000000, 0x00000000d5580000, 0x00000000eab00000)
  object space 349696K, 19% used [0x00000000c0000000,0x00000000c416e7c0,0x00000000d5580000)
 Metaspace       used 93811K, capacity 94776K, committed 103552K, reserved 1134592K
  class space    used 16178K, capacity 16433K, committed 18048K, reserved 1048576K
GC Heap History (10 events):
Event: 148,301 GC heap after
Heap after GC invocations=20 (full 7):
 PSYoungGen      total 283136K, used 0K [0x00000000eab00000, 0x00000000ff580000, 0x0000000100000000)
  eden space 239616K, 0% used [0x00000000eab00000,0x00000000eab00000,0x00000000f9500000)
  from space 43520K, 0% used [0x00000000f9500000,0x00000000f9500000,0x00000000fbf80000)
  to   space 44544K, 0% used [0x00000000fca00000,0x00000000fca00000,0x00000000ff580000)
 ParOldGen       total 349696K, used 62207K [0x00000000c0000000, 0x00000000d5580000, 0x00000000eab00000)
  object space 349696K, 17% used [0x00000000c0000000,0x00000000c3cbfdb0,0x00000000d5580000)
 Metaspace       used 92614K, capacity 93396K, committed 103552K, reserved 1134592K
  class space    used 16098K, capacity 16335K, committed 18048K, reserved 1048576K
}
Event: 633,469 GC heap before
{Heap before GC invocations=21 (full 7):
 PSYoungGen      total 283136K, used 239616K [0x00000000eab00000, 0x00000000ff580000, 0x0000000100000000)
  eden space 239616K, 100% used [0x00000000eab00000,0x00000000f9500000,0x00000000f9500000)
  from space 43520K, 0% used [0x00000000f9500000,0x00000000f9500000,0x00000000fbf80000)
  to   space 44544K, 0% used [0x00000000fca00000,0x00000000fca00000,0x00000000ff580000)
 ParOldGen       total 349696K, used 62207K [0x00000000c0000000, 0x00000000d5580000, 0x00000000eab00000)
  object space 349696K, 17% used [0x00000000c0000000,0x00000000c3cbfdb0,0x00000000d5580000)
 Metaspace       used 99183K, capacity 100296K, committed 103552K, reserved 1134592K
  class space    used 17171K, capacity 17442K, committed 18048K, reserved 1048576K
Event: 633,537 GC heap after
Heap after GC invocations=21 (full 7):
 PSYoungGen      total 257024K, used 19975K [0x00000000eab00000, 0x00000000fe180000, 0x0000000100000000)
  eden space 232960K, 0% used [0x00000000eab00000,0x00000000eab00000,0x00000000f8e80000)
  from space 24064K, 83% used [0x00000000fca00000,0x00000000fdd81e60,0x00000000fe180000)
  to   space 42496K, 0% used [0x00000000f8e80000,0x00000000f8e80000,0x00000000fb800000)
 ParOldGen       total 349696K, used 62215K [0x00000000c0000000, 0x00000000d5580000, 0x00000000eab00000)
  object space 349696K, 17% used [0x00000000c0000000,0x00000000c3cc1db0,0x00000000d5580000)
 Metaspace       used 99183K, capacity 100296K, committed 103552K, reserved 1134592K
  class space    used 17171K, capacity 17442K, committed 18048K, reserved 1048576K
}
Event: 636,579 GC heap before
{Heap before GC invocations=22 (full 7):
 PSYoungGen      total 257024K, used 77502K [0x00000000eab00000, 0x00000000fe180000, 0x0000000100000000)
  eden space 232960K, 24% used [0x00000000eab00000,0x00000000ee32da80,0x00000000f8e80000)
  from space 24064K, 83% used [0x00000000fca00000,0x00000000fdd81e60,0x00000000fe180000)
  to   space 42496K, 0% used [0x00000000f8e80000,0x00000000f8e80000,0x00000000fb800000)
 ParOldGen       total 349696K, used 62215K [0x00000000c0000000, 0x00000000d5580000, 0x00000000eab00000)
  object space 349696K, 17% used [0x00000000c0000000,0x00000000c3cc1db0,0x00000000d5580000)
 Metaspace       used 100259K, capacity 101382K, committed 103552K, reserved 1134592K
  class space    used 17263K, capacity 17547K, committed 18048K, reserved 1048576K
Event: 636,642 GC heap after
Heap after GC invocations=22 (full 7):
 PSYoungGen      total 246784K, used 13510K [0x00000000eab00000, 0x00000000fde80000, 0x0000000100000000)
  eden space 232960K, 0% used [0x00000000eab00000,0x00000000eab00000,0x00000000f8e80000)
  from space 13824K, 97% used [0x00000000f8e80000,0x00000000f9bb1bd0,0x00000000f9c00000)
  to   space 40960K, 0% used [0x00000000fb680000,0x00000000fb680000,0x00000000fde80000)
 ParOldGen       total 349696K, used 62223K [0x00000000c0000000, 0x00000000d5580000, 0x00000000eab00000)
  object space 349696K, 17% used [0x00000000c0000000,0x00000000c3cc3db0,0x00000000d5580000)
 Metaspace       used 100259K, capacity 101382K, committed 103552K, reserved 1134592K
  class space    used 17263K, capacity 17547K, committed 18048K, reserved 1048576K
}
Event: 636,642 GC heap before
{Heap before GC invocations=23 (full 8):
 PSYoungGen      total 246784K, used 13510K [0x00000000eab00000, 0x00000000fde80000, 0x0000000100000000)
  eden space 232960K, 0% used [0x00000000eab00000,0x00000000eab00000,0x00000000f8e80000)
  from space 13824K, 97% used [0x00000000f8e80000,0x00000000f9bb1bd0,0x00000000f9c00000)
  to   space 40960K, 0% used [0x00000000fb680000,0x00000000fb680000,0x00000000fde80000)
 ParOldGen       total 349696K, used 62223K [0x00000000c0000000, 0x00000000d5580000, 0x00000000eab00000)
  object space 349696K, 17% used [0x00000000c0000000,0x00000000c3cc3db0,0x00000000d5580000)
 Metaspace       used 100259K, capacity 101382K, committed 103552K, reserved 1134592K
  class space    used 17263K, capacity 17547K, committed 18048K, reserved 1048576K
Event: 637,023 GC heap after
Heap after GC invocations=23 (full 8):
 PSYoungGen      total 246784K, used 0K [0x00000000eab00000, 0x00000000fde80000, 0x0000000100000000)
  eden space 232960K, 0% used [0x00000000eab00000,0x00000000eab00000,0x00000000f8e80000)
  from space 13824K, 0% used [0x00000000f8e80000,0x00000000f8e80000,0x00000000f9c00000)
  to   space 40960K, 0% used [0x00000000fb680000,0x00000000fb680000,0x00000000fde80000)
 ParOldGen       total 349696K, used 67001K [0x00000000c0000000, 0x00000000d5580000, 0x00000000eab00000)
  object space 349696K, 19% used [0x00000000c0000000,0x00000000c416e7c0,0x00000000d5580000)
 Metaspace       used 93811K, capacity 94776K, committed 103552K, reserved 1134592K
  class space    used 16178K, capacity 16433K, committed 18048K, reserved 1048576K
}
Event: 637,042 GC heap before
{Heap before GC invocations=24 (full 8):
 PSYoungGen      total 246784K, used 1285K [0x00000000eab00000, 0x00000000fde80000, 0x0000000100000000)
  eden space 232960K, 0% used [0x00000000eab00000,0x00000000eac41630,0x00000000f8e80000)
  from space 13824K, 0% used [0x00000000f8e80000,0x00000000f8e80000,0x00000000f9c00000)
  to   space 40960K, 0% used [0x00000000fb680000,0x00000000fb680000,0x00000000fde80000)
 ParOldGen       total 349696K, used 67001K [0x00000000c0000000, 0x00000000d5580000, 0x00000000eab00000)
  object space 349696K, 19% used [0x00000000c0000000,0x00000000c416e7c0,0x00000000d5580000)
 Metaspace       used 93811K, capacity 94776K, committed 103552K, reserved 1134592K
  class space    used 16178K, capacity 16433K, committed 18048K, reserved 1048576K
Event: 637,045 GC heap after
Heap after GC invocations=24 (full 8):
 PSYoungGen      total 273408K, used 64K [0x00000000eab00000, 0x00000000fdf80000, 0x0000000100000000)
  eden space 232448K, 0% used [0x00000000eab00000,0x00000000eab00000,0x00000000f8e00000)
  from space 40960K, 0% used [0x00000000fb680000,0x00000000fb690000,0x00000000fde80000)
  to   space 41472K, 0% used [0x00000000f8e00000,0x00000000f8e00000,0x00000000fb680000)
 ParOldGen       total 349696K, used 67001K [0x00000000c0000000, 0x00000000d5580000, 0x00000000eab00000)
  object space 349696K, 19% used [0x00000000c0000000,0x00000000c416e7c0,0x00000000d5580000)
 Metaspace       used 93811K, capacity 94776K, committed 103552K, reserved 1134592K
  class space    used 16178K, capacity 16433K, committed 18048K, reserved 1048576K
}
Event: 637,045 GC heap before
{Heap before GC invocations=25 (full 9):
 PSYoungGen      total 273408K, used 64K [0x00000000eab00000, 0x00000000fdf80000, 0x0000000100000000)
  eden space 232448K, 0% used [0x00000000eab00000,0x00000000eab00000,0x00000000f8e00000)
  from space 40960K, 0% used [0x00000000fb680000,0x00000000fb690000,0x00000000fde80000)
  to   space 41472K, 0% used [0x00000000f8e00000,0x00000000f8e00000,0x00000000fb680000)
 ParOldGen       total 349696K, used 67001K [0x00000000c0000000, 0x00000000d5580000, 0x00000000eab00000)
  object space 349696K, 19% used [0x00000000c0000000,0x00000000c416e7c0,0x00000000d5580000)
 Metaspace       used 93811K, capacity 94776K, committed 103552K, reserved 1134592K
  class space    used 16178K, capacity 16433K, committed 18048K, reserved 1048576K

