# JRE version: Java(TM) SE Runtime Environment (8.0_91-b14) (build 1.8.0_91-b14)
# Java VM: Java HotSpot(TM) 64-Bit Server VM (25.91-b14 mixed mode linux-amd64 compressed oops)
Heap:
 PSYoungGen      total 305664K, used 305641K [0x00000000eab00000, 0x0000000100000000, 0x0000000100000000)
  eden space 262144K, 100% used [0x00000000eab00000,0x00000000fab00000,0x00000000fab00000)
  from space 43520K, 99% used [0x00000000fab00000,0x00000000fd57a7f0,0x00000000fd580000)
  to   space 43520K, 99% used [0x00000000fd580000,0x00000000ffffa438,0x0000000100000000)
 ParOldGen       total 699392K, used 43456K [0x00000000c0000000, 0x00000000eab00000, 0x00000000eab00000)
  object space 699392K, 6% used [0x00000000c0000000,0x00000000c2a70398,0x00000000eab00000)
 Metaspace       used 55789K, capacity 56202K, committed 56320K, reserved 1095680K
  class space    used 10046K, capacity 10175K, committed 10240K, reserved 1048576K
GC Heap History (3 events):
Event: 35,054 GC heap before
{Heap before GC invocations=1 (full 0):
 PSYoungGen      total 305664K, used 262144K [0x00000000eab00000, 0x0000000100000000, 0x0000000100000000)
  eden space 262144K, 100% used [0x00000000eab00000,0x00000000fab00000,0x00000000fab00000)
  from space 43520K, 0% used [0x00000000fd580000,0x00000000fd580000,0x0000000100000000)
  to   space 43520K, 0% used [0x00000000fab00000,0x00000000fab00000,0x00000000fd580000)
 ParOldGen       total 699392K, used 0K [0x00000000c0000000, 0x00000000eab00000, 0x00000000eab00000)
  object space 699392K, 0% used [0x00000000c0000000,0x00000000c0000000,0x00000000eab00000)
 Metaspace       used 37706K, capacity 38114K, committed 38400K, reserved 1081344K
  class space    used 6470K, capacity 6602K, committed 6656K, reserved 1048576K
Event: 35,260 GC heap after
Heap after GC invocations=1 (full 0):
 PSYoungGen      total 305664K, used 43497K [0x00000000eab00000, 0x0000000100000000, 0x0000000100000000)
  eden space 262144K, 0% used [0x00000000eab00000,0x00000000eab00000,0x00000000fab00000)
  from space 43520K, 99% used [0x00000000fab00000,0x00000000fd57a7f0,0x00000000fd580000)
  to   space 43520K, 0% used [0x00000000fd580000,0x00000000fd580000,0x0000000100000000)
 ParOldGen       total 699392K, used 26872K [0x00000000c0000000, 0x00000000eab00000, 0x00000000eab00000)
  object space 699392K, 3% used [0x00000000c0000000,0x00000000c1a3e338,0x00000000eab00000)
 Metaspace       used 37706K, capacity 38114K, committed 38400K, reserved 1081344K
  class space    used 6470K, capacity 6602K, committed 6656K, reserved 1048576K
}
Event: 46,399 GC heap before
{Heap before GC invocations=2 (full 0):
 PSYoungGen      total 305664K, used 305641K [0x00000000eab00000, 0x0000000100000000, 0x0000000100000000)
  eden space 262144K, 100% used [0x00000000eab00000,0x00000000fab00000,0x00000000fab00000)
  from space 43520K, 99% used [0x00000000fab00000,0x00000000fd57a7f0,0x00000000fd580000)
  to   space 43520K, 0% used [0x00000000fd580000,0x00000000fd580000,0x0000000100000000)
 ParOldGen       total 699392K, used 26872K [0x00000000c0000000, 0x00000000eab00000, 0x00000000eab00000)
  object space 699392K, 3% used [0x00000000c0000000,0x00000000c1a3e338,0x00000000eab00000)
 Metaspace       used 55789K, capacity 56202K, committed 56320K, reserved 1095680K
  class space    used 10046K, capacity 10175K, committed 10240K, reserved 1048576K

