# JRE version: Java(TM) SE Runtime Environment (8.0_77-b03) (build 1.8.0_77-b03)
# Java VM: Java HotSpot(TM) 64-Bit Server VM (25.77-b03 mixed mode linux-amd64 compressed oops)
Heap:
 PSYoungGen      total 153088K, used 141282K [0x00000000eab00000, 0x00000000f5580000, 0x0000000100000000)
  eden space 131584K, 100% used [0x00000000eab00000,0x00000000f2b80000,0x00000000f2b80000)
  from space 21504K, 45% used [0x00000000f2b80000,0x00000000f34f8870,0x00000000f4080000)
  to   space 21504K, 33% used [0x00000000f4080000,0x00000000f478a670,0x00000000f5580000)
 ParOldGen       total 349696K, used 14279K [0x00000000c0000000, 0x00000000d5580000, 0x00000000eab00000)
  object space 349696K, 4% used [0x00000000c0000000,0x00000000c0df1c60,0x00000000d5580000)
 Metaspace       used 47981K, capacity 48304K, committed 48640K, reserved 1089536K
  class space    used 9312K, capacity 9377K, committed 9472K, reserved 1048576K
GC Heap History (10 events):
Event: 12,373 GC heap after
Heap after GC invocations=5 (full 2):
 PSYoungGen      total 153088K, used 10890K [0x00000000eab00000, 0x00000000f5580000, 0x0000000100000000)
  eden space 131584K, 0% used [0x00000000eab00000,0x00000000eab00000,0x00000000f2b80000)
  from space 21504K, 50% used [0x00000000f2b80000,0x00000000f3622aa0,0x00000000f4080000)
  to   space 21504K, 0% used [0x00000000f4080000,0x00000000f4080000,0x00000000f5580000)
 ParOldGen       total 349696K, used 18372K [0x00000000c0000000, 0x00000000d5580000, 0x00000000eab00000)
  object space 349696K, 5% used [0x00000000c0000000,0x00000000c11f1120,0x00000000d5580000)
 Metaspace       used 40176K, capacity 40454K, committed 40704K, reserved 1083392K
  class space    used 7625K, capacity 7656K, committed 7680K, reserved 1048576K
}
Event: 12,373 GC heap before
{Heap before GC invocations=6 (full 3):
 PSYoungGen      total 153088K, used 10890K [0x00000000eab00000, 0x00000000f5580000, 0x0000000100000000)
  eden space 131584K, 0% used [0x00000000eab00000,0x00000000eab00000,0x00000000f2b80000)
  from space 21504K, 50% used [0x00000000f2b80000,0x00000000f3622aa0,0x00000000f4080000)
  to   space 21504K, 0% used [0x00000000f4080000,0x00000000f4080000,0x00000000f5580000)
 ParOldGen       total 349696K, used 18372K [0x00000000c0000000, 0x00000000d5580000, 0x00000000eab00000)
  object space 349696K, 5% used [0x00000000c0000000,0x00000000c11f1120,0x00000000d5580000)
 Metaspace       used 40176K, capacity 40454K, committed 40704K, reserved 1083392K
  class space    used 7625K, capacity 7656K, committed 7680K, reserved 1048576K
Event: 12,466 GC heap after
Heap after GC invocations=6 (full 3):
 PSYoungGen      total 153088K, used 0K [0x00000000eab00000, 0x00000000f5580000, 0x0000000100000000)
  eden space 131584K, 0% used [0x00000000eab00000,0x00000000eab00000,0x00000000f2b80000)
  from space 21504K, 0% used [0x00000000f2b80000,0x00000000f2b80000,0x00000000f4080000)
  to   space 21504K, 0% used [0x00000000f4080000,0x00000000f4080000,0x00000000f5580000)
 ParOldGen       total 349696K, used 17802K [0x00000000c0000000, 0x00000000d5580000, 0x00000000eab00000)
  object space 349696K, 5% used [0x00000000c0000000,0x00000000c1162818,0x00000000d5580000)
 Metaspace       used 40176K, capacity 40454K, committed 40704K, reserved 1083392K
  class space    used 7625K, capacity 7656K, committed 7680K, reserved 1048576K
}
Event: 12,470 GC heap before
{Heap before GC invocations=7 (full 3):
 PSYoungGen      total 153088K, used 2012K [0x00000000eab00000, 0x00000000f5580000, 0x0000000100000000)
  eden space 131584K, 1% used [0x00000000eab00000,0x00000000eacf73a8,0x00000000f2b80000)
  from space 21504K, 0% used [0x00000000f2b80000,0x00000000f2b80000,0x00000000f4080000)
  to   space 21504K, 0% used [0x00000000f4080000,0x00000000f4080000,0x00000000f5580000)
 ParOldGen       total 349696K, used 17802K [0x00000000c0000000, 0x00000000d5580000, 0x00000000eab00000)
  object space 349696K, 5% used [0x00000000c0000000,0x00000000c1162818,0x00000000d5580000)
 Metaspace       used 40181K, capacity 40454K, committed 40704K, reserved 1083392K
  class space    used 7626K, capacity 7656K, committed 7680K, reserved 1048576K
Event: 12,471 GC heap after
Heap after GC invocations=7 (full 3):
 PSYoungGen      total 153088K, used 96K [0x00000000eab00000, 0x00000000f5580000, 0x0000000100000000)
  eden space 131584K, 0% used [0x00000000eab00000,0x00000000eab00000,0x00000000f2b80000)
  from space 21504K, 0% used [0x00000000f4080000,0x00000000f4098000,0x00000000f5580000)
  to   space 21504K, 0% used [0x00000000f2b80000,0x00000000f2b80000,0x00000000f4080000)
 ParOldGen       total 349696K, used 17802K [0x00000000c0000000, 0x00000000d5580000, 0x00000000eab00000)
  object space 349696K, 5% used [0x00000000c0000000,0x00000000c1162818,0x00000000d5580000)
 Metaspace       used 40181K, capacity 40454K, committed 40704K, reserved 1083392K
  class space    used 7626K, capacity 7656K, committed 7680K, reserved 1048576K
}
Event: 12,471 GC heap before
{Heap before GC invocations=8 (full 4):
 PSYoungGen      total 153088K, used 96K [0x00000000eab00000, 0x00000000f5580000, 0x0000000100000000)
  eden space 131584K, 0% used [0x00000000eab00000,0x00000000eab00000,0x00000000f2b80000)
  from space 21504K, 0% used [0x00000000f4080000,0x00000000f4098000,0x00000000f5580000)
  to   space 21504K, 0% used [0x00000000f2b80000,0x00000000f2b80000,0x00000000f4080000)
 ParOldGen       total 349696K, used 17802K [0x00000000c0000000, 0x00000000d5580000, 0x00000000eab00000)
  object space 349696K, 5% used [0x00000000c0000000,0x00000000c1162818,0x00000000d5580000)
 Metaspace       used 40181K, capacity 40454K, committed 40704K, reserved 1083392K
  class space    used 7626K, capacity 7656K, committed 7680K, reserved 1048576K
Event: 12,523 GC heap after
Heap after GC invocations=8 (full 4):
 PSYoungGen      total 153088K, used 0K [0x00000000eab00000, 0x00000000f5580000, 0x0000000100000000)
  eden space 131584K, 0% used [0x00000000eab00000,0x00000000eab00000,0x00000000f2b80000)
  from space 21504K, 0% used [0x00000000f4080000,0x00000000f4080000,0x00000000f5580000)
  to   space 21504K, 0% used [0x00000000f2b80000,0x00000000f2b80000,0x00000000f4080000)
 ParOldGen       total 349696K, used 14263K [0x00000000c0000000, 0x00000000d5580000, 0x00000000eab00000)
  object space 349696K, 4% used [0x00000000c0000000,0x00000000c0dedc60,0x00000000d5580000)
 Metaspace       used 40181K, capacity 40454K, committed 40704K, reserved 1083392K
  class space    used 7626K, capacity 7656K, committed 7680K, reserved 1048576K
}
Event: 16,714 GC heap before
{Heap before GC invocations=9 (full 4):
 PSYoungGen      total 153088K, used 131584K [0x00000000eab00000, 0x00000000f5580000, 0x0000000100000000)
  eden space 131584K, 100% used [0x00000000eab00000,0x00000000f2b80000,0x00000000f2b80000)
  from space 21504K, 0% used [0x00000000f4080000,0x00000000f4080000,0x00000000f5580000)
  to   space 21504K, 0% used [0x00000000f2b80000,0x00000000f2b80000,0x00000000f4080000)
 ParOldGen       total 349696K, used 14263K [0x00000000c0000000, 0x00000000d5580000, 0x00000000eab00000)
  object space 349696K, 4% used [0x00000000c0000000,0x00000000c0dedc60,0x00000000d5580000)
 Metaspace       used 43857K, capacity 44176K, committed 44288K, reserved 1085440K
  class space    used 8570K, capacity 8641K, committed 8704K, reserved 1048576K
Event: 16,723 GC heap after
Heap after GC invocations=9 (full 4):
 PSYoungGen      total 153088K, used 9698K [0x00000000eab00000, 0x00000000f5580000, 0x0000000100000000)
  eden space 131584K, 0% used [0x00000000eab00000,0x00000000eab00000,0x00000000f2b80000)
  from space 21504K, 45% used [0x00000000f2b80000,0x00000000f34f8870,0x00000000f4080000)
  to   space 21504K, 0% used [0x00000000f4080000,0x00000000f4080000,0x00000000f5580000)
 ParOldGen       total 349696K, used 14271K [0x00000000c0000000, 0x00000000d5580000, 0x00000000eab00000)
  object space 349696K, 4% used [0x00000000c0000000,0x00000000c0defc60,0x00000000d5580000)
 Metaspace       used 43857K, capacity 44176K, committed 44288K, reserved 1085440K
  class space    used 8570K, capacity 8641K, committed 8704K, reserved 1048576K
}
Event: 18,339 GC heap before
{Heap before GC invocations=10 (full 4):
 PSYoungGen      total 153088K, used 141282K [0x00000000eab00000, 0x00000000f5580000, 0x0000000100000000)
  eden space 131584K, 100% used [0x00000000eab00000,0x00000000f2b80000,0x00000000f2b80000)
  from space 21504K, 45% used [0x00000000f2b80000,0x00000000f34f8870,0x00000000f4080000)
  to   space 21504K, 0% used [0x00000000f4080000,0x00000000f4080000,0x00000000f5580000)
 ParOldGen       total 349696K, used 14271K [0x00000000c0000000, 0x00000000d5580000, 0x00000000eab00000)
  object space 349696K, 4% used [0x00000000c0000000,0x00000000c0defc60,0x00000000d5580000)
 Metaspace       used 47981K, capacity 48304K, committed 48640K, reserved 1089536K
  class space    used 9312K, capacity 9377K, committed 9472K, reserved 1048576K

