# JRE version: Java(TM) SE Runtime Environment (8.0_77-b03) (build 1.8.0_77-b03)
# Java VM: Java HotSpot(TM) 64-Bit Server VM (25.77-b03 mixed mode linux-amd64 compressed oops)
Heap:
 PSYoungGen      total 254976K, used 47252K [0x00000000eab00000, 0x00000000ff600000, 0x0000000100000000)
  eden space 169984K, 17% used [0x00000000eab00000,0x00000000ec78d138,0x00000000f5100000)
  from space 84992K, 21% used [0x00000000fa300000,0x00000000fb498198,0x00000000ff600000)
  to   space 83968K, 0% used [0x00000000f5100000,0x00000000f5100000,0x00000000fa300000)
 ParOldGen       total 699392K, used 91847K [0x00000000c0000000, 0x00000000eab00000, 0x00000000eab00000)
  object space 699392K, 13% used [0x00000000c0000000,0x00000000c59b1fc0,0x00000000eab00000)
 Metaspace       used 142917K, capacity 144171K, committed 158016K, reserved 1179648K
  class space    used 23680K, capacity 23983K, committed 27496K, reserved 1048576K
GC Heap History (10 events):
Event: 5672,067 GC heap before
{Heap before GC invocations=25 (full 4):
 PSYoungGen      total 218112K, used 149127K [0x00000000eab00000, 0x00000000fe300000, 0x0000000100000000)
  eden space 126976K, 99% used [0x00000000eab00000,0x00000000f2687170,0x00000000f2700000)
  from space 91136K, 24% used [0x00000000f8a00000,0x00000000fa01aad0,0x00000000fe300000)
  to   space 96256K, 0% used [0x00000000f2700000,0x00000000f2700000,0x00000000f8500000)
 ParOldGen       total 699392K, used 246981K [0x00000000c0000000, 0x00000000eab00000, 0x00000000eab00000)
  object space 699392K, 35% used [0x00000000c0000000,0x00000000cf1314f8,0x00000000eab00000)
 Metaspace       used 160147K, capacity 162011K, committed 162240K, reserved 1183744K
  class space    used 26695K, capacity 27098K, committed 27112K, reserved 1048576K
Event: 5672,095 GC heap after
Heap after GC invocations=25 (full 4):
 PSYoungGen      total 144896K, used 18255K [0x00000000eab00000, 0x00000000fdc80000, 0x0000000100000000)
  eden space 126464K, 0% used [0x00000000eab00000,0x00000000eab00000,0x00000000f2680000)
  from space 18432K, 99% used [0x00000000f2700000,0x00000000f38d3d40,0x00000000f3900000)
  to   space 93184K, 0% used [0x00000000f8180000,0x00000000f8180000,0x00000000fdc80000)
 ParOldGen       total 699392K, used 246989K [0x00000000c0000000, 0x00000000eab00000, 0x00000000eab00000)
  object space 699392K, 35% used [0x00000000c0000000,0x00000000cf1334f8,0x00000000eab00000)
 Metaspace       used 160147K, capacity 162011K, committed 162240K, reserved 1183744K
  class space    used 26695K, capacity 27098K, committed 27112K, reserved 1048576K
}
Event: 5672,251 GC heap before
{Heap before GC invocations=26 (full 4):
 PSYoungGen      total 144896K, used 44334K [0x00000000eab00000, 0x00000000fdc80000, 0x0000000100000000)
  eden space 126464K, 20% used [0x00000000eab00000,0x00000000ec477ca0,0x00000000f2680000)
  from space 18432K, 99% used [0x00000000f2700000,0x00000000f38d3d40,0x00000000f3900000)
  to   space 93184K, 0% used [0x00000000f8180000,0x00000000f8180000,0x00000000fdc80000)
 ParOldGen       total 699392K, used 246989K [0x00000000c0000000, 0x00000000eab00000, 0x00000000eab00000)
  object space 699392K, 35% used [0x00000000c0000000,0x00000000cf1334f8,0x00000000eab00000)
 Metaspace       used 162029K, capacity 163955K, committed 164160K, reserved 1185792K
  class space    used 27070K, capacity 27490K, committed 27496K, reserved 1048576K
Event: 5672,363 GC heap after
Heap after GC invocations=26 (full 4):
 PSYoungGen      total 222720K, used 16535K [0x00000000eab00000, 0x0000000100000000, 0x0000000100000000)
  eden space 129536K, 0% used [0x00000000eab00000,0x00000000eab00000,0x00000000f2980000)
  from space 93184K, 17% used [0x00000000f8180000,0x00000000f91a5d00,0x00000000fdc80000)
  to   space 90112K, 0% used [0x00000000f2980000,0x00000000f2980000,0x00000000f8180000)
 ParOldGen       total 699392K, used 246997K [0x00000000c0000000, 0x00000000eab00000, 0x00000000eab00000)
  object space 699392K, 35% used [0x00000000c0000000,0x00000000cf1354f8,0x00000000eab00000)
 Metaspace       used 162029K, capacity 163955K, committed 164160K, reserved 1185792K
  class space    used 27070K, capacity 27490K, committed 27496K, reserved 1048576K
}
Event: 5672,363 GC heap before
{Heap before GC invocations=27 (full 5):
 PSYoungGen      total 222720K, used 16535K [0x00000000eab00000, 0x0000000100000000, 0x0000000100000000)
  eden space 129536K, 0% used [0x00000000eab00000,0x00000000eab00000,0x00000000f2980000)
  from space 93184K, 17% used [0x00000000f8180000,0x00000000f91a5d00,0x00000000fdc80000)
  to   space 90112K, 0% used [0x00000000f2980000,0x00000000f2980000,0x00000000f8180000)
 ParOldGen       total 699392K, used 246997K [0x00000000c0000000, 0x00000000eab00000, 0x00000000eab00000)
  object space 699392K, 35% used [0x00000000c0000000,0x00000000cf1354f8,0x00000000eab00000)
 Metaspace       used 162029K, capacity 163955K, committed 164160K, reserved 1185792K
  class space    used 27070K, capacity 27490K, committed 27496K, reserved 1048576K
Event: 5683,375 GC heap after
Heap after GC invocations=27 (full 5):
 PSYoungGen      total 222720K, used 0K [0x00000000eab00000, 0x0000000100000000, 0x0000000100000000)
  eden space 129536K, 0% used [0x00000000eab00000,0x00000000eab00000,0x00000000f2980000)
  from space 93184K, 0% used [0x00000000f8180000,0x00000000f8180000,0x00000000fdc80000)
  to   space 90112K, 0% used [0x00000000f2980000,0x00000000f2980000,0x00000000f8180000)
 ParOldGen       total 699392K, used 91831K [0x00000000c0000000, 0x00000000eab00000, 0x00000000eab00000)
  object space 699392K, 13% used [0x00000000c0000000,0x00000000c59adfc0,0x00000000eab00000)
 Metaspace       used 132363K, capacity 133533K, committed 158016K, reserved 1179648K
  class space    used 21875K, capacity 22166K, committed 27496K, reserved 1048576K
}
Event: 5685,299 GC heap before
{Heap before GC invocations=28 (full 5):
 PSYoungGen      total 222720K, used 129536K [0x00000000eab00000, 0x0000000100000000, 0x0000000100000000)
  eden space 129536K, 100% used [0x00000000eab00000,0x00000000f2980000,0x00000000f2980000)
  from space 93184K, 0% used [0x00000000f8180000,0x00000000f8180000,0x00000000fdc80000)
  to   space 90112K, 0% used [0x00000000f2980000,0x00000000f2980000,0x00000000f8180000)
 ParOldGen       total 699392K, used 91831K [0x00000000c0000000, 0x00000000eab00000, 0x00000000eab00000)
  object space 699392K, 13% used [0x00000000c0000000,0x00000000c59adfc0,0x00000000eab00000)
 Metaspace       used 136910K, capacity 138101K, committed 158016K, reserved 1179648K
  class space    used 22642K, capacity 22942K, committed 27496K, reserved 1048576K
Event: 5685,329 GC heap after
Heap after GC invocations=28 (full 5):
 PSYoungGen      total 219648K, used 9316K [0x00000000eab00000, 0x00000000ff900000, 0x0000000100000000)
  eden space 129536K, 0% used [0x00000000eab00000,0x00000000eab00000,0x00000000f2980000)
  from space 90112K, 10% used [0x00000000f2980000,0x00000000f3299040,0x00000000f8180000)
  to   space 88064K, 0% used [0x00000000fa300000,0x00000000fa300000,0x00000000ff900000)
 ParOldGen       total 699392K, used 91839K [0x00000000c0000000, 0x00000000eab00000, 0x00000000eab00000)
  object space 699392K, 13% used [0x00000000c0000000,0x00000000c59affc0,0x00000000eab00000)
 Metaspace       used 136910K, capacity 138101K, committed 158016K, reserved 1179648K
  class space    used 22642K, capacity 22942K, committed 27496K, reserved 1048576K
}
Event: 5685,946 GC heap before
{Heap before GC invocations=29 (full 5):
 PSYoungGen      total 219648K, used 138852K [0x00000000eab00000, 0x00000000ff900000, 0x0000000100000000)
  eden space 129536K, 100% used [0x00000000eab00000,0x00000000f2980000,0x00000000f2980000)
  from space 90112K, 10% used [0x00000000f2980000,0x00000000f3299040,0x00000000f8180000)
  to   space 88064K, 0% used [0x00000000fa300000,0x00000000fa300000,0x00000000ff900000)
 ParOldGen       total 699392K, used 91839K [0x00000000c0000000, 0x00000000eab00000, 0x00000000eab00000)
  object space 699392K, 13% used [0x00000000c0000000,0x00000000c59affc0,0x00000000eab00000)
 Metaspace       used 142515K, capacity 143755K, committed 158016K, reserved 1179648K
  class space    used 23638K, capacity 23951K, committed 27496K, reserved 1048576K
Event: 5686,240 GC heap after
Heap after GC invocations=29 (full 5):
 PSYoungGen      total 254976K, used 18016K [0x00000000eab00000, 0x00000000ff600000, 0x0000000100000000)
  eden space 169984K, 0% used [0x00000000eab00000,0x00000000eab00000,0x00000000f5100000)
  from space 84992K, 21% used [0x00000000fa300000,0x00000000fb498198,0x00000000ff600000)
  to   space 83968K, 0% used [0x00000000f5100000,0x00000000f5100000,0x00000000fa300000)
 ParOldGen       total 699392K, used 91847K [0x00000000c0000000, 0x00000000eab00000, 0x00000000eab00000)
  object space 699392K, 13% used [0x00000000c0000000,0x00000000c59b1fc0,0x00000000eab00000)
 Metaspace       used 142515K, capacity 143755K, committed 158016K, reserved 1179648K
  class space    used 23638K, capacity 23951K, committed 27496K, reserved 1048576K
}

