# JRE version: Java(TM) SE Runtime Environment (8.0_77-b03) (build 1.8.0_77-b03)
# Java VM: Java HotSpot(TM) 64-Bit Server VM (25.77-b03 mixed mode linux-amd64 compressed oops)
Heap:
 PSYoungGen      total 309248K, used 39423K [0x00000000eab00000, 0x0000000100000000, 0x0000000100000000)
  eden space 274432K, 1% used [0x00000000eab00000,0x00000000eaf86d38,0x00000000fb700000)
  from space 34816K, 99% used [0x00000000fbc00000,0x00000000fddf9220,0x00000000fde00000)
  to   space 34816K, 0% used [0x00000000fde00000,0x00000000fde00000,0x0000000100000000)
 ParOldGen       total 532480K, used 49965K [0x00000000c0000000, 0x00000000e0800000, 0x00000000eab00000)
  object space 532480K, 9% used [0x00000000c0000000,0x00000000c30cb4a0,0x00000000e0800000)
 Metaspace       used 96688K, capacity 97586K, committed 97792K, reserved 1130496K
  class space    used 16820K, capacity 17104K, committed 17152K, reserved 1048576K
GC Heap History (10 events):
Event: 25,259 GC heap before
{Heap before GC invocations=10 (full 4):
 PSYoungGen      total 199680K, used 187661K [0x00000000eab00000, 0x00000000fc080000, 0x0000000100000000)
  eden space 178176K, 100% used [0x00000000eab00000,0x00000000f5900000,0x00000000f5900000)
  from space 21504K, 44% used [0x00000000f5900000,0x00000000f6243618,0x00000000f6e00000)
  to   space 21504K, 0% used [0x00000000fab80000,0x00000000fab80000,0x00000000fc080000)
 ParOldGen       total 368640K, used 14271K [0x00000000c0000000, 0x00000000d6800000, 0x00000000eab00000)
  object space 368640K, 3% used [0x00000000c0000000,0x00000000c0defc78,0x00000000d6800000)
 Metaspace       used 53633K, capacity 54112K, committed 54272K, reserved 1093632K
  class space    used 10335K, capacity 10417K, committed 10496K, reserved 1048576K
Event: 25,301 GC heap after
Heap after GC invocations=10 (full 4):
 PSYoungGen      total 262656K, used 21493K [0x00000000eab00000, 0x00000000fca00000, 0x0000000100000000)
  eden space 241152K, 0% used [0x00000000eab00000,0x00000000eab00000,0x00000000f9680000)
  from space 21504K, 99% used [0x00000000fab80000,0x00000000fc07d5f8,0x00000000fc080000)
  to   space 21504K, 0% used [0x00000000f9680000,0x00000000f9680000,0x00000000fab80000)
 ParOldGen       total 368640K, used 14568K [0x00000000c0000000, 0x00000000d6800000, 0x00000000eab00000)
  object space 368640K, 3% used [0x00000000c0000000,0x00000000c0e3a088,0x00000000d6800000)
 Metaspace       used 53633K, capacity 54112K, committed 54272K, reserved 1093632K
  class space    used 10335K, capacity 10417K, committed 10496K, reserved 1048576K
}
Event: 39,753 GC heap before
{Heap before GC invocations=11 (full 4):
 PSYoungGen      total 262656K, used 181965K [0x00000000eab00000, 0x00000000fca00000, 0x0000000100000000)
  eden space 241152K, 66% used [0x00000000eab00000,0x00000000f47b5e48,0x00000000f9680000)
  from space 21504K, 99% used [0x00000000fab80000,0x00000000fc07d5f8,0x00000000fc080000)
  to   space 21504K, 0% used [0x00000000f9680000,0x00000000f9680000,0x00000000fab80000)
 ParOldGen       total 368640K, used 14568K [0x00000000c0000000, 0x00000000d6800000, 0x00000000eab00000)
  object space 368640K, 3% used [0x00000000c0000000,0x00000000c0e3a088,0x00000000d6800000)
 Metaspace       used 67211K, capacity 67720K, committed 67840K, reserved 1103872K
  class space    used 12439K, capacity 12609K, committed 12672K, reserved 1048576K
Event: 39,848 GC heap after
Heap after GC invocations=11 (full 4):
 PSYoungGen      total 262656K, used 21486K [0x00000000eab00000, 0x0000000100000000, 0x0000000100000000)
  eden space 241152K, 0% used [0x00000000eab00000,0x00000000eab00000,0x00000000f9680000)
  from space 21504K, 99% used [0x00000000f9680000,0x00000000fab7b918,0x00000000fab80000)
  to   space 33280K, 0% used [0x00000000fdf80000,0x00000000fdf80000,0x0000000100000000)
 ParOldGen       total 368640K, used 26220K [0x00000000c0000000, 0x00000000d6800000, 0x00000000eab00000)
  object space 368640K, 7% used [0x00000000c0000000,0x00000000c199b3d8,0x00000000d6800000)
 Metaspace       used 67211K, capacity 67720K, committed 67840K, reserved 1103872K
  class space    used 12439K, capacity 12609K, committed 12672K, reserved 1048576K
}
Event: 39,848 GC heap before
{Heap before GC invocations=12 (full 5):
 PSYoungGen      total 262656K, used 21486K [0x00000000eab00000, 0x0000000100000000, 0x0000000100000000)
  eden space 241152K, 0% used [0x00000000eab00000,0x00000000eab00000,0x00000000f9680000)
  from space 21504K, 99% used [0x00000000f9680000,0x00000000fab7b918,0x00000000fab80000)
  to   space 33280K, 0% used [0x00000000fdf80000,0x00000000fdf80000,0x0000000100000000)
 ParOldGen       total 368640K, used 26220K [0x00000000c0000000, 0x00000000d6800000, 0x00000000eab00000)
  object space 368640K, 7% used [0x00000000c0000000,0x00000000c199b3d8,0x00000000d6800000)
 Metaspace       used 67211K, capacity 67720K, committed 67840K, reserved 1103872K
  class space    used 12439K, capacity 12609K, committed 12672K, reserved 1048576K
Event: 40,161 GC heap after
Heap after GC invocations=12 (full 5):
 PSYoungGen      total 262656K, used 0K [0x00000000eab00000, 0x0000000100000000, 0x0000000100000000)
  eden space 241152K, 0% used [0x00000000eab00000,0x00000000eab00000,0x00000000f9680000)
  from space 21504K, 0% used [0x00000000f9680000,0x00000000f9680000,0x00000000fab80000)
  to   space 33280K, 0% used [0x00000000fdf80000,0x00000000fdf80000,0x0000000100000000)
 ParOldGen       total 532480K, used 44149K [0x00000000c0000000, 0x00000000e0800000, 0x00000000eab00000)
  object space 532480K, 8% used [0x00000000c0000000,0x00000000c2b1d7d0,0x00000000e0800000)
 Metaspace       used 67200K, capacity 67704K, committed 67840K, reserved 1103872K
  class space    used 12435K, capacity 12605K, committed 12672K, reserved 1048576K
}
Event: 44,502 GC heap before
{Heap before GC invocations=13 (full 5):
 PSYoungGen      total 262656K, used 241152K [0x00000000eab00000, 0x0000000100000000, 0x0000000100000000)
  eden space 241152K, 100% used [0x00000000eab00000,0x00000000f9680000,0x00000000f9680000)
  from space 21504K, 0% used [0x00000000f9680000,0x00000000f9680000,0x00000000fab80000)
  to   space 33280K, 0% used [0x00000000fdf80000,0x00000000fdf80000,0x0000000100000000)
 ParOldGen       total 532480K, used 44149K [0x00000000c0000000, 0x00000000e0800000, 0x00000000eab00000)
  object space 532480K, 8% used [0x00000000c0000000,0x00000000c2b1d7d0,0x00000000e0800000)
 Metaspace       used 73918K, capacity 74678K, committed 75008K, reserved 1110016K
  class space    used 13520K, capacity 13706K, committed 13824K, reserved 1048576K
Event: 44,554 GC heap after
Heap after GC invocations=13 (full 5):
 PSYoungGen      total 312832K, used 23392K [0x00000000eab00000, 0x0000000100000000, 0x0000000100000000)
  eden space 279552K, 0% used [0x00000000eab00000,0x00000000eab00000,0x00000000fbc00000)
  from space 33280K, 70% used [0x00000000fdf80000,0x00000000ff6583b8,0x0000000100000000)
  to   space 34816K, 0% used [0x00000000fbc00000,0x00000000fbc00000,0x00000000fde00000)
 ParOldGen       total 532480K, used 44157K [0x00000000c0000000, 0x00000000e0800000, 0x00000000eab00000)
  object space 532480K, 8% used [0x00000000c0000000,0x00000000c2b1f7d0,0x00000000e0800000)
 Metaspace       used 73918K, capacity 74678K, committed 75008K, reserved 1110016K
  class space    used 13520K, capacity 13706K, committed 13824K, reserved 1048576K
}
Event: 769,169 GC heap before
{Heap before GC invocations=14 (full 5):
 PSYoungGen      total 312832K, used 302944K [0x00000000eab00000, 0x0000000100000000, 0x0000000100000000)
  eden space 279552K, 100% used [0x00000000eab00000,0x00000000fbc00000,0x00000000fbc00000)
  from space 33280K, 70% used [0x00000000fdf80000,0x00000000ff6583b8,0x0000000100000000)
  to   space 34816K, 0% used [0x00000000fbc00000,0x00000000fbc00000,0x00000000fde00000)
 ParOldGen       total 532480K, used 44157K [0x00000000c0000000, 0x00000000e0800000, 0x00000000eab00000)
  object space 532480K, 8% used [0x00000000c0000000,0x00000000c2b1f7d0,0x00000000e0800000)
 Metaspace       used 96687K, capacity 97586K, committed 97792K, reserved 1130496K
  class space    used 16820K, capacity 17104K, committed 17152K, reserved 1048576K
Event: 769,280 GC heap after
Heap after GC invocations=14 (full 5):
 PSYoungGen      total 309248K, used 34788K [0x00000000eab00000, 0x0000000100000000, 0x0000000100000000)
  eden space 274432K, 0% used [0x00000000eab00000,0x00000000eab00000,0x00000000fb700000)
  from space 34816K, 99% used [0x00000000fbc00000,0x00000000fddf9220,0x00000000fde00000)
  to   space 34816K, 0% used [0x00000000fde00000,0x00000000fde00000,0x0000000100000000)
 ParOldGen       total 532480K, used 49965K [0x00000000c0000000, 0x00000000e0800000, 0x00000000eab00000)
  object space 532480K, 9% used [0x00000000c0000000,0x00000000c30cb4a0,0x00000000e0800000)
 Metaspace       used 96687K, capacity 97586K, committed 97792K, reserved 1130496K
  class space    used 16820K, capacity 17104K, committed 17152K, reserved 1048576K
}

