# JRE version: Java(TM) SE Runtime Environment (8.0_77-b03) (build 1.8.0_77-b03)
# Java VM: Java HotSpot(TM) 64-Bit Server VM (25.77-b03 mixed mode linux-amd64 compressed oops)
Heap:
 PSYoungGen      total 313344K, used 297909K [0x00000000eab00000, 0x0000000100000000, 0x0000000100000000)
  eden space 277504K, 100% used [0x00000000eab00000,0x00000000fba00000,0x00000000fba00000)
  from space 35840K, 56% used [0x00000000fdd00000,0x00000000ff0ed7b0,0x0000000100000000)
  to   space 35840K, 99% used [0x00000000fba00000,0x00000000fdcfad68,0x00000000fdd00000)
 ParOldGen       total 699392K, used 67488K [0x00000000c0000000, 0x00000000eab00000, 0x00000000eab00000)
  object space 699392K, 9% used [0x00000000c0000000,0x00000000c41e8028,0x00000000eab00000)
 Metaspace       used 113733K, capacity 114600K, committed 114944K, reserved 1144832K
  class space    used 19445K, capacity 19649K, committed 19712K, reserved 1048576K
GC Heap History (10 events):
Event: 20,544 GC heap after
Heap after GC invocations=11 (full 4):
 PSYoungGen      total 212992K, used 9753K [0x00000000eab00000, 0x00000000fdd00000, 0x0000000100000000)
  eden space 191488K, 0% used [0x00000000eab00000,0x00000000eab00000,0x00000000f6600000)
  from space 21504K, 45% used [0x00000000f6600000,0x00000000f6f86738,0x00000000f7b00000)
  to   space 16896K, 0% used [0x00000000fcc80000,0x00000000fcc80000,0x00000000fdd00000)
 ParOldGen       total 349696K, used 14953K [0x00000000c0000000, 0x00000000d5580000, 0x00000000eab00000)
  object space 349696K, 4% used [0x00000000c0000000,0x00000000c0e9a438,0x00000000d5580000)
 Metaspace       used 49228K, capacity 49596K, committed 49792K, reserved 1089536K
  class space    used 9170K, capacity 9251K, committed 9344K, reserved 1048576K
}
Event: 28,105 GC heap before
{Heap before GC invocations=12 (full 4):
 PSYoungGen      total 212992K, used 201241K [0x00000000eab00000, 0x00000000fdd00000, 0x0000000100000000)
  eden space 191488K, 100% used [0x00000000eab00000,0x00000000f6600000,0x00000000f6600000)
  from space 21504K, 45% used [0x00000000f6600000,0x00000000f6f86738,0x00000000f7b00000)
  to   space 16896K, 0% used [0x00000000fcc80000,0x00000000fcc80000,0x00000000fdd00000)
 ParOldGen       total 349696K, used 14953K [0x00000000c0000000, 0x00000000d5580000, 0x00000000eab00000)
  object space 349696K, 4% used [0x00000000c0000000,0x00000000c0e9a438,0x00000000d5580000)
 Metaspace       used 59553K, capacity 59980K, committed 60288K, reserved 1097728K
  class space    used 10926K, capacity 11027K, committed 11136K, reserved 1048576K
Event: 28,141 GC heap after
Heap after GC invocations=12 (full 4):
 PSYoungGen      total 290816K, used 16891K [0x00000000eab00000, 0x00000000fe180000, 0x0000000100000000)
  eden space 273920K, 0% used [0x00000000eab00000,0x00000000eab00000,0x00000000fb680000)
  from space 16896K, 99% used [0x00000000fcc80000,0x00000000fdcfec08,0x00000000fdd00000)
  to   space 22016K, 0% used [0x00000000fb680000,0x00000000fb680000,0x00000000fcc00000)
 ParOldGen       total 349696K, used 21887K [0x00000000c0000000, 0x00000000d5580000, 0x00000000eab00000)
  object space 349696K, 6% used [0x00000000c0000000,0x00000000c155fda8,0x00000000d5580000)
 Metaspace       used 59553K, capacity 59980K, committed 60288K, reserved 1097728K
  class space    used 10926K, capacity 11027K, committed 11136K, reserved 1048576K
}
Event: 39,286 GC heap before
{Heap before GC invocations=13 (full 4):
 PSYoungGen      total 290816K, used 276494K [0x00000000eab00000, 0x00000000fe180000, 0x0000000100000000)
  eden space 273920K, 94% used [0x00000000eab00000,0x00000000fa884f20,0x00000000fb680000)
  from space 16896K, 99% used [0x00000000fcc80000,0x00000000fdcfec08,0x00000000fdd00000)
  to   space 22016K, 0% used [0x00000000fb680000,0x00000000fb680000,0x00000000fcc00000)
 ParOldGen       total 349696K, used 21887K [0x00000000c0000000, 0x00000000d5580000, 0x00000000eab00000)
  object space 349696K, 6% used [0x00000000c0000000,0x00000000c155fda8,0x00000000d5580000)
 Metaspace       used 75268K, capacity 75866K, committed 75948K, reserved 1112064K
  class space    used 13384K, capacity 13544K, committed 13568K, reserved 1048576K
Event: 39,383 GC heap after
Heap after GC invocations=13 (full 4):
 PSYoungGen      total 295936K, used 22000K [0x00000000eab00000, 0x0000000100000000, 0x0000000100000000)
  eden space 273920K, 0% used [0x00000000eab00000,0x00000000eab00000,0x00000000fb680000)
  from space 22016K, 99% used [0x00000000fb680000,0x00000000fcbfc160,0x00000000fcc00000)
  to   space 35840K, 0% used [0x00000000fdd00000,0x00000000fdd00000,0x0000000100000000)
 ParOldGen       total 349696K, used 48342K [0x00000000c0000000, 0x00000000d5580000, 0x00000000eab00000)
  object space 349696K, 13% used [0x00000000c0000000,0x00000000c2f35a70,0x00000000d5580000)
 Metaspace       used 75268K, capacity 75866K, committed 75948K, reserved 1112064K
  class space    used 13384K, capacity 13544K, committed 13568K, reserved 1048576K
}
Event: 39,383 GC heap before
{Heap before GC invocations=14 (full 5):
 PSYoungGen      total 295936K, used 22000K [0x00000000eab00000, 0x0000000100000000, 0x0000000100000000)
  eden space 273920K, 0% used [0x00000000eab00000,0x00000000eab00000,0x00000000fb680000)
  from space 22016K, 99% used [0x00000000fb680000,0x00000000fcbfc160,0x00000000fcc00000)
  to   space 35840K, 0% used [0x00000000fdd00000,0x00000000fdd00000,0x0000000100000000)
 ParOldGen       total 349696K, used 48342K [0x00000000c0000000, 0x00000000d5580000, 0x00000000eab00000)
  object space 349696K, 13% used [0x00000000c0000000,0x00000000c2f35a70,0x00000000d5580000)
 Metaspace       used 75268K, capacity 75866K, committed 75948K, reserved 1112064K
  class space    used 13384K, capacity 13544K, committed 13568K, reserved 1048576K
Event: 39,647 GC heap after
Heap after GC invocations=14 (full 5):
 PSYoungGen      total 295936K, used 0K [0x00000000eab00000, 0x0000000100000000, 0x0000000100000000)
  eden space 273920K, 0% used [0x00000000eab00000,0x00000000eab00000,0x00000000fb680000)
  from space 22016K, 0% used [0x00000000fb680000,0x00000000fb680000,0x00000000fcc00000)
  to   space 35840K, 0% used [0x00000000fdd00000,0x00000000fdd00000,0x0000000100000000)
 ParOldGen       total 425984K, used 59643K [0x00000000c0000000, 0x00000000da000000, 0x00000000eab00000)
  object space 425984K, 14% used [0x00000000c0000000,0x00000000c3a3efc8,0x00000000da000000)
 Metaspace       used 72300K, capacity 72882K, committed 75948K, reserved 1112064K
  class space    used 12865K, capacity 13020K, committed 13568K, reserved 1048576K
}
Event: 162,798 GC heap before
{Heap before GC invocations=15 (full 5):
 PSYoungGen      total 295936K, used 273920K [0x00000000eab00000, 0x0000000100000000, 0x0000000100000000)
  eden space 273920K, 100% used [0x00000000eab00000,0x00000000fb680000,0x00000000fb680000)
  from space 22016K, 0% used [0x00000000fb680000,0x00000000fb680000,0x00000000fcc00000)
  to   space 35840K, 0% used [0x00000000fdd00000,0x00000000fdd00000,0x0000000100000000)
 ParOldGen       total 425984K, used 59643K [0x00000000c0000000, 0x00000000da000000, 0x00000000eab00000)
  object space 425984K, 14% used [0x00000000c0000000,0x00000000c3a3efc8,0x00000000da000000)
 Metaspace       used 88243K, capacity 88980K, committed 89216K, reserved 1122304K
  class space    used 15153K, capacity 15364K, committed 15488K, reserved 1048576K
Event: 162,821 GC heap after
Heap after GC invocations=15 (full 5):
 PSYoungGen      total 313344K, used 20405K [0x00000000eab00000, 0x0000000100000000, 0x0000000100000000)
  eden space 277504K, 0% used [0x00000000eab00000,0x00000000eab00000,0x00000000fba00000)
  from space 35840K, 56% used [0x00000000fdd00000,0x00000000ff0ed7b0,0x0000000100000000)
  to   space 35840K, 0% used [0x00000000fba00000,0x00000000fba00000,0x00000000fdd00000)
 ParOldGen       total 425984K, used 59651K [0x00000000c0000000, 0x00000000da000000, 0x00000000eab00000)
  object space 425984K, 14% used [0x00000000c0000000,0x00000000c3a40fc8,0x00000000da000000)
 Metaspace       used 88243K, capacity 88980K, committed 89216K, reserved 1122304K
  class space    used 15153K, capacity 15364K, committed 15488K, reserved 1048576K
}
Event: 1716,554 GC heap before
{Heap before GC invocations=16 (full 5):
 PSYoungGen      total 313344K, used 297909K [0x00000000eab00000, 0x0000000100000000, 0x0000000100000000)
  eden space 277504K, 100% used [0x00000000eab00000,0x00000000fba00000,0x00000000fba00000)
  from space 35840K, 56% used [0x00000000fdd00000,0x00000000ff0ed7b0,0x0000000100000000)
  to   space 35840K, 0% used [0x00000000fba00000,0x00000000fba00000,0x00000000fdd00000)
 ParOldGen       total 425984K, used 59651K [0x00000000c0000000, 0x00000000da000000, 0x00000000eab00000)
  object space 425984K, 14% used [0x00000000c0000000,0x00000000c3a40fc8,0x00000000da000000)
 Metaspace       used 113733K, capacity 114600K, committed 114944K, reserved 1144832K
  class space    used 19445K, capacity 19649K, committed 19712K, reserved 1048576K

